Using pre-set license
Built from '2021.3/staging' branch; Version is '2021.3.6f1 (7da38d85baf6) revision 8233869'; Using compiler version '192829333'; Build Type 'Release'
OS: 'Windows 11  (10.0.22000) 64bit Professional' Language: 'en' Physical Memory: 16318 MB
BatchMode: 1, IsHumanControllingUs: 0, StartBugReporterOnCrash: 0, Is64bit: 1, IsPro: 1

COMMAND LINE ARGUMENTS:
C:\Program Files\Unity\Hub\Editor\2021.3.6f1\Editor\Unity.exe
-adb2
-batchMode
-noUpm
-name
AssetImportWorker1
-projectPath
C:/Users/Kim/Documents/GitHub/GC-Chill-Beats-To-Study
-logFile
Logs/AssetImportWorker1.log
-srvPort
49228
Successfully changed project path to: C:/Users/Kim/Documents/GitHub/GC-Chill-Beats-To-Study
C:/Users/Kim/Documents/GitHub/GC-Chill-Beats-To-Study
[UnityMemory] Configuration Parameters - Can be set up in boot.config
    "memorysetup-bucket-allocator-granularity=16"
    "memorysetup-bucket-allocator-bucket-count=8"
    "memorysetup-bucket-allocator-block-size=33554432"
    "memorysetup-bucket-allocator-block-count=8"
    "memorysetup-main-allocator-block-size=16777216"
    "memorysetup-thread-allocator-block-size=16777216"
    "memorysetup-gfx-main-allocator-block-size=16777216"
    "memorysetup-gfx-thread-allocator-block-size=16777216"
    "memorysetup-cache-allocator-block-size=4194304"
    "memorysetup-typetree-allocator-block-size=2097152"
    "memorysetup-profiler-bucket-allocator-granularity=16"
    "memorysetup-profiler-bucket-allocator-bucket-count=8"
    "memorysetup-profiler-bucket-allocator-block-size=33554432"
    "memorysetup-profiler-bucket-allocator-block-count=8"
    "memorysetup-profiler-allocator-block-size=16777216"
    "memorysetup-profiler-editor-allocator-block-size=1048576"
    "memorysetup-temp-allocator-size-main=16777216"
    "memorysetup-job-temp-allocator-block-size=2097152"
    "memorysetup-job-temp-allocator-block-size-background=1048576"
    "memorysetup-job-temp-allocator-reduction-small-platforms=262144"
    "memorysetup-temp-allocator-size-background-worker=32768"
    "memorysetup-temp-allocator-size-job-worker=262144"
    "memorysetup-temp-allocator-size-preload-manager=33554432"
    "memorysetup-temp-allocator-size-nav-mesh-worker=65536"
    "memorysetup-temp-allocator-size-audio-worker=65536"
    "memorysetup-temp-allocator-size-cloud-worker=32768"
    "memorysetup-temp-allocator-size-gi-baking-worker=262144"
    "memorysetup-temp-allocator-size-gfx=262144"
Refreshing native plugins compatible for Editor in 77.34 ms, found 3 plugins.
Preloading 0 native plugins for Editor in 0.00 ms.
Initialize engine version: 2021.3.6f1 (7da38d85baf6)
[Subsystems] Discovering subsystems at path C:/Program Files/Unity/Hub/Editor/2021.3.6f1/Editor/Data/Resources/UnitySubsystems
[Subsystems] Discovering subsystems at path C:/Users/Kim/Documents/GitHub/GC-Chill-Beats-To-Study/Assets
GfxDevice: creating device client; threaded=0; jobified=0
Direct3D:
    Version:  Direct3D 11.0 [level 11.1]
    Renderer: NVIDIA GeForce RTX 2060 (ID=0x1f08)
    Vendor:   NVIDIA
    VRAM:     5980 MB
    Driver:   31.0.15.1659
Initialize mono
Mono path[0] = 'C:/Program Files/Unity/Hub/Editor/2021.3.6f1/Editor/Data/Managed'
Mono path[1] = 'C:/Program Files/Unity/Hub/Editor/2021.3.6f1/Editor/Data/MonoBleedingEdge/lib/mono/unityjit-win32'
Mono config path = 'C:/Program Files/Unity/Hub/Editor/2021.3.6f1/Editor/Data/MonoBleedingEdge/etc'
Using monoOptions --debugger-agent=transport=dt_socket,embedding=1,server=y,suspend=n,address=127.0.0.1:56816
Begin MonoManager ReloadAssembly
Registering precompiled unity dll's ...
Register platform support module: C:/Program Files/Unity/Hub/Editor/2021.3.6f1/Editor/Data/PlaybackEngines/WebGLSupport/UnityEditor.WebGL.Extensions.dll
Register platform support module: C:/Program Files/Unity/Hub/Editor/2021.3.6f1/Editor/Data/PlaybackEngines/WindowsStandaloneSupport/UnityEditor.WindowsStandalone.Extensions.dll
Registered in 0.004027 seconds.
Native extension for WindowsStandalone target not found
Native extension for WebGL target not found
Refreshing native plugins compatible for Editor in 76.51 ms, found 3 plugins.
Preloading 0 native plugins for Editor in 0.00 ms.
Mono: successfully reloaded assembly
- Completed reload, in  0.551 seconds
Domain Reload Profiling:
	ReloadAssembly (551ms)
		BeginReloadAssembly (58ms)
			ExecutionOrderSort (0ms)
			DisableScriptedObjects (0ms)
			BackupInstance (0ms)
			ReleaseScriptingObjects (0ms)
			CreateAndSetChildDomain (1ms)
		EndReloadAssembly (401ms)
			LoadAssemblies (56ms)
			RebuildTransferFunctionScriptingTraits (0ms)
			SetupTypeCache (89ms)
			ReleaseScriptCaches (0ms)
			RebuildScriptCaches (25ms)
			SetupLoadedEditorAssemblies (244ms)
				LogAssemblyErrors (0ms)
				InitializePlatformSupportModulesInManaged (7ms)
				SetLoadedEditorAssemblies (0ms)
				RefreshPlugins (77ms)
				BeforeProcessingInitializeOnLoad (1ms)
				ProcessInitializeOnLoadAttributes (120ms)
				ProcessInitializeOnLoadMethodAttributes (39ms)
				AfterProcessingInitializeOnLoad (0ms)
				EditorAssembliesLoaded (0ms)
			ExecutionOrderSort2 (0ms)
			AwakeInstancesAfterBackupRestoration (0ms)
Platform modules already initialized, skipping
Registering precompiled user dll's ...
Registered in 0.004380 seconds.
Begin MonoManager ReloadAssembly
Symbol file LoadedFromMemory doesn't match image C:\Users\Kim\Documents\GitHub\GC-Chill-Beats-To-Study\Library\PackageCache\com.unity.visualscripting@1.7.8\Editor\VisualScripting.Core\Dependencies\YamlDotNet\Unity.VisualScripting.YamlDotNet.dll
Symbol file LoadedFromMemory doesn't match image C:\Users\Kim\Documents\GitHub\GC-Chill-Beats-To-Study\Library\PackageCache\com.unity.visualscripting@1.7.8\Editor\VisualScripting.Core\Dependencies\DotNetZip\Unity.VisualScripting.IonicZip.dll
Native extension for WindowsStandalone target not found
Native extension for WebGL target not found
Refreshing native plugins compatible for Editor in 0.46 ms, found 3 plugins.
Preloading 0 native plugins for Editor in 0.00 ms.
Mono: successfully reloaded assembly
- Completed reload, in  0.887 seconds
Domain Reload Profiling:
	ReloadAssembly (888ms)
		BeginReloadAssembly (89ms)
			ExecutionOrderSort (0ms)
			DisableScriptedObjects (5ms)
			BackupInstance (0ms)
			ReleaseScriptingObjects (0ms)
			CreateAndSetChildDomain (15ms)
		EndReloadAssembly (697ms)
			LoadAssemblies (65ms)
			RebuildTransferFunctionScriptingTraits (0ms)
			SetupTypeCache (228ms)
			ReleaseScriptCaches (1ms)
			RebuildScriptCaches (44ms)
			SetupLoadedEditorAssemblies (323ms)
				LogAssemblyErrors (0ms)
				InitializePlatformSupportModulesInManaged (5ms)
				SetLoadedEditorAssemblies (0ms)
				RefreshPlugins (0ms)
				BeforeProcessingInitializeOnLoad (78ms)
				ProcessInitializeOnLoadAttributes (208ms)
				ProcessInitializeOnLoadMethodAttributes (24ms)
				AfterProcessingInitializeOnLoad (6ms)
				EditorAssembliesLoaded (0ms)
			ExecutionOrderSort2 (0ms)
			AwakeInstancesAfterBackupRestoration (5ms)
Platform modules already initialized, skipping
========================================================================
Worker process is ready to serve import requests
Launched and connected shader compiler UnityShaderCompiler.exe after 0.03 seconds
Refreshing native plugins compatible for Editor in 0.55 ms, found 3 plugins.
Preloading 0 native plugins for Editor in 0.00 ms.
Unloading 3385 Unused Serialized files (Serialized files now loaded: 0)
Unloading 42 unused Assets / (4.8 MB). Loaded Objects now: 3829.
Memory consumption went from 123.6 MB to 118.8 MB.
Total: 5.234700 ms (FindLiveObjects: 0.259300 ms CreateObjectMapping: 0.216100 ms MarkObjects: 2.219100 ms  DeleteObjects: 2.539300 ms)

AssetImportParameters requested are different than current active one (requested -> active):
  custom:video-decoder-ogg-theora: a1e56fd34408186e4bbccfd4996cb3dc -> 
  custom:container-muxer-webm: aa71ff27fc2769a1b78a27578f13a17b -> 
  custom:container-demuxer-webm: 4f35f7cbe854078d1ac9338744f61a02 -> 
  custom:video-encoder-webm-vp8: eb34c28f22e8b96e1ab97ce403110664 -> 
  custom:audio-encoder-webm-vorbis: bf7c407c2cedff20999df2af8eb42d56 -> 
  custom:framework-win-MediaFoundation: 216162199b28c13a410421893ffa2e32 -> 
  custom:container-demuxer-ogg: 62fdf1f143b41e24485cea50d1cbac27 -> 
  custom:video-decoder-webm-vp8: 9c59270c3fd7afecdb556c50c9e8de78 -> 
  custom:audio-decoder-ogg-vorbis: bf7c407c2cedff20999df2af8eb42d56 -> 
========================================================================
Received Import Request.
  Time since last request: 122383.289739 seconds.
  path: Assets/Materials/Gris Metalico.mat
  artifactKey: Guid(05b06318bda9db8499d5919c644f658d) Importer(815301076,1909f56bfc062723c751e8b465ee728b)
Start importing Assets/Materials/Gris Metalico.mat using Guid(05b06318bda9db8499d5919c644f658d) Importer(815301076,1909f56bfc062723c751e8b465ee728b)  -> (artifact id: '2cbf57636283264dc4f03ac378c3d213') in 0.098945 seconds 
========================================================================
Received Import Request.
  Time since last request: 55.649721 seconds.
  path: Assets/HighQualityBricks&Walls/Images/shading-671263/shading-671263.png
  artifactKey: Guid(8cdd994fdb233d64fa6b87e18110778f) Importer(815301076,1909f56bfc062723c751e8b465ee728b)
Start importing Assets/HighQualityBricks&Walls/Images/shading-671263/shading-671263.png using Guid(8cdd994fdb233d64fa6b87e18110778f) Importer(815301076,1909f56bfc062723c751e8b465ee728b)  -> (artifact id: '991b999ec87827cd352ce325c464188c') in 0.031704 seconds 
========================================================================
Received Import Request.
  Time since last request: 0.000024 seconds.
  path: Assets/HighQualityBricks&Walls/Images/shading-671263/shading-671263_specular.png
  artifactKey: Guid(ad21c2b87b5ad8f4aa0d60a41099e66f) Importer(815301076,1909f56bfc062723c751e8b465ee728b)
Start importing Assets/HighQualityBricks&Walls/Images/shading-671263/shading-671263_specular.png using Guid(ad21c2b87b5ad8f4aa0d60a41099e66f) Importer(815301076,1909f56bfc062723c751e8b465ee728b)  -> (artifact id: 'affbdd36906245479c98ec784af6bf01') in 0.011604 seconds 
========================================================================
Received Import Request.
  Time since last request: 2.338088 seconds.
  path: Assets/HighQualityBricks&Walls/Images/wood-877365/wood-877365.png
  artifactKey: Guid(2df36a2910d8d434fac9f6a3acbe49e4) Importer(815301076,1909f56bfc062723c751e8b465ee728b)
Start importing Assets/HighQualityBricks&Walls/Images/wood-877365/wood-877365.png using Guid(2df36a2910d8d434fac9f6a3acbe49e4) Importer(815301076,1909f56bfc062723c751e8b465ee728b)  -> (artifact id: 'f3c3b9a92f054a27c4df8a04603e8990') in 0.013674 seconds 
========================================================================
Received Import Request.
  Time since last request: 0.000022 seconds.
  path: Assets/HighQualityBricks&Walls/Images/wood-877365/wood-877365_specular.png
  artifactKey: Guid(66bac1f73fc6f734c95ec83aae131f18) Importer(815301076,1909f56bfc062723c751e8b465ee728b)
Start importing Assets/HighQualityBricks&Walls/Images/wood-877365/wood-877365_specular.png using Guid(66bac1f73fc6f734c95ec83aae131f18) Importer(815301076,1909f56bfc062723c751e8b465ee728b)  -> (artifact id: '9d5457ef7b3c7502d9a86cf960f42004') in 0.009550 seconds 
========================================================================
Received Import Request.
  Time since last request: 187.024006 seconds.
  path: Assets/Free/Wooden Floor Pack/Materials/Wooden Floor 3.mat
  artifactKey: Guid(bf276f53291eddb4d9053d2ae81ca063) Importer(815301076,1909f56bfc062723c751e8b465ee728b)
Start importing Assets/Free/Wooden Floor Pack/Materials/Wooden Floor 3.mat using Guid(bf276f53291eddb4d9053d2ae81ca063) Importer(815301076,1909f56bfc062723c751e8b465ee728b)  -> (artifact id: '5fdfc445659f90cd385bfe5a5728444b') in 0.307898 seconds 
========================================================================
Received Import Request.
  Time since last request: 107.722627 seconds.
  path: Assets/Toon Furniture/Models/Chair_8.fbx
  artifactKey: Guid(b2d48f69e426f3c41b473408129c689b) Importer(815301076,1909f56bfc062723c751e8b465ee728b)
Start importing Assets/Toon Furniture/Models/Chair_8.fbx using Guid(b2d48f69e426f3c41b473408129c689b) Importer(815301076,1909f56bfc062723c751e8b465ee728b)  -> (artifact id: 'bf967ace6b88112b9f2faf5839a2a36d') in 0.087149 seconds 
========================================================================
Received Import Request.
  Time since last request: 0.000020 seconds.
  path: Assets/Toon Furniture/Models/Counter_1.fbx
  artifactKey: Guid(aaeedb2a45100ea4091935025fdd110d) Importer(815301076,1909f56bfc062723c751e8b465ee728b)
Start importing Assets/Toon Furniture/Models/Counter_1.fbx using Guid(aaeedb2a45100ea4091935025fdd110d) Importer(815301076,1909f56bfc062723c751e8b465ee728b)  -> (artifact id: '8d0919fb492c5354b26f14f90b211f0b') in 0.020304 seconds 
========================================================================
Received Import Request.
  Time since last request: 0.000020 seconds.
  path: Assets/Toon Furniture/Models/Coffee_Table_2.fbx
  artifactKey: Guid(5482ee8af0d724341b96cd2c062f6baf) Importer(815301076,1909f56bfc062723c751e8b465ee728b)
Start importing Assets/Toon Furniture/Models/Coffee_Table_2.fbx using Guid(5482ee8af0d724341b96cd2c062f6baf) Importer(815301076,1909f56bfc062723c751e8b465ee728b)  -> (artifact id: '92c46d97db781a71a375cf6277ef630d') in 0.020724 seconds 
========================================================================
Received Import Request.
  Time since last request: 0.000016 seconds.
  path: Assets/Toon Furniture/Models/Coffee_Table_4.fbx
  artifactKey: Guid(8b77ab8a65e9c9e4ba013ba2868ef6b8) Importer(815301076,1909f56bfc062723c751e8b465ee728b)
Start importing Assets/Toon Furniture/Models/Coffee_Table_4.fbx using Guid(8b77ab8a65e9c9e4ba013ba2868ef6b8) Importer(815301076,1909f56bfc062723c751e8b465ee728b)  -> (artifact id: '1e063ed2ce1e7e69ddc49973a78138e1') in 0.023319 seconds 
========================================================================
Received Import Request.
  Time since last request: 238.059425 seconds.
  path: Assets/Mud and Dirt Material/Materials/Simple Mud/Mud_basecolor.png
  artifactKey: Guid(e1e15b8f09a0bd64a8bb1dc5e9d7c729) Importer(815301076,1909f56bfc062723c751e8b465ee728b)
Start importing Assets/Mud and Dirt Material/Materials/Simple Mud/Mud_basecolor.png using Guid(e1e15b8f09a0bd64a8bb1dc5e9d7c729) Importer(815301076,1909f56bfc062723c751e8b465ee728b)  -> (artifact id: '4844017cfd14c78525b00ef45e82bd28') in 0.014954 seconds 
========================================================================
Received Import Request.
  Time since last request: 0.000019 seconds.
  path: Assets/Mud and Dirt Material/Materials/Simple Mud/Mud_normal.png
  artifactKey: Guid(c21d5e4ba198a9d44ad8c00be74b9188) Importer(815301076,1909f56bfc062723c751e8b465ee728b)
Start importing Assets/Mud and Dirt Material/Materials/Simple Mud/Mud_normal.png using Guid(c21d5e4ba198a9d44ad8c00be74b9188) Importer(815301076,1909f56bfc062723c751e8b465ee728b)  -> (artifact id: '425296adeb20378f96de5d3d5661400a') in 0.013001 seconds 
========================================================================
Received Import Request.
  Time since last request: 0.000017 seconds.
  path: Assets/Mud and Dirt Material/Materials/Simple Mud/Mud_height.png
  artifactKey: Guid(b4e0f83e23387e84ebf1b600e87d64b9) Importer(815301076,1909f56bfc062723c751e8b465ee728b)
Start importing Assets/Mud and Dirt Material/Materials/Simple Mud/Mud_height.png using Guid(b4e0f83e23387e84ebf1b600e87d64b9) Importer(815301076,1909f56bfc062723c751e8b465ee728b)  -> (artifact id: '2296619aeddbec86df87eda0aac0b0fd') in 0.009965 seconds 
========================================================================
Received Import Request.
  Time since last request: 4.992058 seconds.
  path: Assets/Mud and Dirt Material/Materials/Simple Mud 2/Mud_2_basecolor.png
  artifactKey: Guid(8d4b27a935198dc4ca6d71827c2a3b5a) Importer(815301076,1909f56bfc062723c751e8b465ee728b)
Start importing Assets/Mud and Dirt Material/Materials/Simple Mud 2/Mud_2_basecolor.png using Guid(8d4b27a935198dc4ca6d71827c2a3b5a) Importer(815301076,1909f56bfc062723c751e8b465ee728b)  -> (artifact id: 'e30fcd71bc50f01687dbaf678f85328d') in 0.012211 seconds 
========================================================================
Received Import Request.
  Time since last request: 0.000017 seconds.
  path: Assets/Mud and Dirt Material/Materials/Simple Mud 2/Mud_2_height.png
  artifactKey: Guid(b2f29aee188edd74f8cdc5b2da6c14c4) Importer(815301076,1909f56bfc062723c751e8b465ee728b)
Start importing Assets/Mud and Dirt Material/Materials/Simple Mud 2/Mud_2_height.png using Guid(b2f29aee188edd74f8cdc5b2da6c14c4) Importer(815301076,1909f56bfc062723c751e8b465ee728b)  -> (artifact id: '64f765656f63d5b3d8ed8f6c84ea2bb3') in 0.010968 seconds 
========================================================================
Received Import Request.
  Time since last request: 0.000012 seconds.
  path: Assets/Mud and Dirt Material/Materials/Simple Mud 2/Mud_2_roughness.png
  artifactKey: Guid(383b0eea791a2494780def70e96314be) Importer(815301076,1909f56bfc062723c751e8b465ee728b)
Start importing Assets/Mud and Dirt Material/Materials/Simple Mud 2/Mud_2_roughness.png using Guid(383b0eea791a2494780def70e96314be) Importer(815301076,1909f56bfc062723c751e8b465ee728b)  -> (artifact id: 'c89119052ea94c689067a9788b620382') in 0.009192 seconds 
========================================================================
Received Import Request.
  Time since last request: 1.009209 seconds.
  path: Assets/Mud and Dirt Material/Materials/Cracked Mud/Mud_2_basecolor.png
  artifactKey: Guid(e1ef071b2c59b714d8739e0928d132b3) Importer(815301076,1909f56bfc062723c751e8b465ee728b)
Start importing Assets/Mud and Dirt Material/Materials/Cracked Mud/Mud_2_basecolor.png using Guid(e1ef071b2c59b714d8739e0928d132b3) Importer(815301076,1909f56bfc062723c751e8b465ee728b)  -> (artifact id: 'decb138df5e72728214afd28418bd6df') in 0.010833 seconds 
========================================================================
Received Import Request.
  Time since last request: 0.000016 seconds.
  path: Assets/Mud and Dirt Material/Materials/Cracked Mud/Mud_2_height.png
  artifactKey: Guid(0b5490737e59bc0478d08f3dc85dbc4b) Importer(815301076,1909f56bfc062723c751e8b465ee728b)
Start importing Assets/Mud and Dirt Material/Materials/Cracked Mud/Mud_2_height.png using Guid(0b5490737e59bc0478d08f3dc85dbc4b) Importer(815301076,1909f56bfc062723c751e8b465ee728b)  -> (artifact id: 'e6f7ccf3cf9795a0bb2c263297581cbd') in 0.009986 seconds 
========================================================================
Received Import Request.
  Time since last request: 0.000015 seconds.
  path: Assets/Mud and Dirt Material/Materials/Cracked Mud/Mud_2_roughness.png
  artifactKey: Guid(e9936c753c07f1747900f786486d977c) Importer(815301076,1909f56bfc062723c751e8b465ee728b)
Start importing Assets/Mud and Dirt Material/Materials/Cracked Mud/Mud_2_roughness.png using Guid(e9936c753c07f1747900f786486d977c) Importer(815301076,1909f56bfc062723c751e8b465ee728b)  -> (artifact id: '195417d39218e40c35464a5e1c0d4bbd') in 0.008662 seconds 
========================================================================
Received Import Request.
  Time since last request: 7.509690 seconds.
  path: Assets/Mud and Dirt Material/Materials/Simple Mud 3/Mud_2_basecolor.png
  artifactKey: Guid(905bc4031788da248951abd29f17e96e) Importer(815301076,1909f56bfc062723c751e8b465ee728b)
Start importing Assets/Mud and Dirt Material/Materials/Simple Mud 3/Mud_2_basecolor.png using Guid(905bc4031788da248951abd29f17e96e) Importer(815301076,1909f56bfc062723c751e8b465ee728b)  -> (artifact id: '3205e4382262995df87878b7baf281ec') in 0.009456 seconds 
========================================================================
Received Import Request.
  Time since last request: 0.000017 seconds.
  path: Assets/Mud and Dirt Material/Materials/Simple Mud 3/Mud_2_roughness.png
  artifactKey: Guid(04068256100d2cb47968fa3e10888d5c) Importer(815301076,1909f56bfc062723c751e8b465ee728b)
Start importing Assets/Mud and Dirt Material/Materials/Simple Mud 3/Mud_2_roughness.png using Guid(04068256100d2cb47968fa3e10888d5c) Importer(815301076,1909f56bfc062723c751e8b465ee728b)  -> (artifact id: '172b753a6e502d612e5dcea5137a6622') in 0.008708 seconds 
========================================================================
Received Import Request.
  Time since last request: 0.000013 seconds.
  path: Assets/Mud and Dirt Material/Materials/Simple Mud 3/Mud_2_metallic.png
  artifactKey: Guid(b08fcf91820dc4c4087c6d206fb8671b) Importer(815301076,1909f56bfc062723c751e8b465ee728b)
Start importing Assets/Mud and Dirt Material/Materials/Simple Mud 3/Mud_2_metallic.png using Guid(b08fcf91820dc4c4087c6d206fb8671b) Importer(815301076,1909f56bfc062723c751e8b465ee728b)  -> (artifact id: '0dad710231077860ad47fd306ef6a5db') in 0.005744 seconds 
========================================================================
Received Import Request.
  Time since last request: 0.505774 seconds.
  path: Assets/Mud and Dirt Material/Materials/Simple Mud 4/Mud_2_basecolor.png
  artifactKey: Guid(ce3ae60eced26654d95c6b1ef3b7656b) Importer(815301076,1909f56bfc062723c751e8b465ee728b)
Start importing Assets/Mud and Dirt Material/Materials/Simple Mud 4/Mud_2_basecolor.png using Guid(ce3ae60eced26654d95c6b1ef3b7656b) Importer(815301076,1909f56bfc062723c751e8b465ee728b)  -> (artifact id: '224f041da2442e03893ea26c84039575') in 0.009742 seconds 
========================================================================
Received Import Request.
  Time since last request: 0.000021 seconds.
  path: Assets/Mud and Dirt Material/Materials/Simple Mud 4/Mud_2_roughness.png
  artifactKey: Guid(3c5a0487a7146b741bb4b17704133039) Importer(815301076,1909f56bfc062723c751e8b465ee728b)
Start importing Assets/Mud and Dirt Material/Materials/Simple Mud 4/Mud_2_roughness.png using Guid(3c5a0487a7146b741bb4b17704133039) Importer(815301076,1909f56bfc062723c751e8b465ee728b)  -> (artifact id: '77015acbd62502569dc98faa867384d5') in 0.008509 seconds 
========================================================================
Received Import Request.
  Time since last request: 0.000017 seconds.
  path: Assets/Mud and Dirt Material/Materials/Simple Mud 4/Mud_2_metallic.png
  artifactKey: Guid(6ca4c3816dc3ce54ba08dc8e76ad33d4) Importer(815301076,1909f56bfc062723c751e8b465ee728b)
Start importing Assets/Mud and Dirt Material/Materials/Simple Mud 4/Mud_2_metallic.png using Guid(6ca4c3816dc3ce54ba08dc8e76ad33d4) Importer(815301076,1909f56bfc062723c751e8b465ee728b)  -> (artifact id: 'fb29a8b58e7f6319c2be4838c826a4d0') in 0.006185 seconds 
========================================================================
Received Import Request.
  Time since last request: 40.690320 seconds.
  path: Assets/Single_detailed_truck/3dobjects_FBX/truck.fbx
  artifactKey: Guid(9da17e46af819d046b9cbf7728de49a6) Importer(815301076,1909f56bfc062723c751e8b465ee728b)
Start importing Assets/Single_detailed_truck/3dobjects_FBX/truck.fbx using Guid(9da17e46af819d046b9cbf7728de49a6) Importer(815301076,1909f56bfc062723c751e8b465ee728b)  -> (artifact id: '04841948da02af385a09e7077cdd9ec8') in 0.243318 seconds 
========================================================================
Received Import Request.
  Time since last request: 2.301838 seconds.
  path: Assets/Single_detailed_truck/Prefabs/Truck.prefab
  artifactKey: Guid(b70eb1cf1be37564f8063fba2095584b) Importer(815301076,1909f56bfc062723c751e8b465ee728b)
Start importing Assets/Single_detailed_truck/Prefabs/Truck.prefab using Guid(b70eb1cf1be37564f8063fba2095584b) Importer(815301076,1909f56bfc062723c751e8b465ee728b)  -> (artifact id: 'de24aa881158d4fbdf0049a67a4578df') in 0.029376 seconds 
========================================================================
Received Import Request.
  Time since last request: 2.628700 seconds.
  path: Assets/Single_detailed_truck/Textures/trailer_color_01.bmp
  artifactKey: Guid(b13b91fa1aea9ed4a891cadbf146484c) Importer(815301076,1909f56bfc062723c751e8b465ee728b)
Start importing Assets/Single_detailed_truck/Textures/trailer_color_01.bmp using Guid(b13b91fa1aea9ed4a891cadbf146484c) Importer(815301076,1909f56bfc062723c751e8b465ee728b)  -> (artifact id: '68158d6e341f3cd2751c0c2f729f5dcc') in 0.020889 seconds 
========================================================================
Received Import Request.
  Time since last request: 0.000026 seconds.
  path: Assets/Single_detailed_truck/Textures/truck_color_02.bmp
  artifactKey: Guid(52bee4f9eba7299419a3168bf1bdec31) Importer(815301076,1909f56bfc062723c751e8b465ee728b)
Start importing Assets/Single_detailed_truck/Textures/truck_color_02.bmp using Guid(52bee4f9eba7299419a3168bf1bdec31) Importer(815301076,1909f56bfc062723c751e8b465ee728b)  -> (artifact id: 'd854dbc29b03e0f3ca7bb865c9f549ce') in 0.012971 seconds 
========================================================================
Received Import Request.
  Time since last request: 0.000016 seconds.
  path: Assets/Single_detailed_truck/Textures/wheels.bmp
  artifactKey: Guid(434327cca0d6e3b44b24c47d8adb4b67) Importer(815301076,1909f56bfc062723c751e8b465ee728b)
Start importing Assets/Single_detailed_truck/Textures/wheels.bmp using Guid(434327cca0d6e3b44b24c47d8adb4b67) Importer(815301076,1909f56bfc062723c751e8b465ee728b)  -> (artifact id: 'edfac157946f9e1b940d37f030a6f8ad') in 0.016453 seconds 
========================================================================
Received Import Request.
  Time since last request: 0.000021 seconds.
  path: Assets/Single_detailed_truck/Textures/trailer_color_02.bmp
  artifactKey: Guid(dd165db154e11df44aa0bebc93419fda) Importer(815301076,1909f56bfc062723c751e8b465ee728b)
Start importing Assets/Single_detailed_truck/Textures/trailer_color_02.bmp using Guid(dd165db154e11df44aa0bebc93419fda) Importer(815301076,1909f56bfc062723c751e8b465ee728b)  -> (artifact id: 'c78e472bcd0b792f362cb4b2ff7672ef') in 0.011424 seconds 
========================================================================
Received Import Request.
  Time since last request: 183.808215 seconds.
  path: Assets/HighQualityBricks&Walls/Images/wall-846013/wall-846013.png
  artifactKey: Guid(7e00d22e5dab32940b86bdeed68fb333) Importer(815301076,1909f56bfc062723c751e8b465ee728b)
Start importing Assets/HighQualityBricks&Walls/Images/wall-846013/wall-846013.png using Guid(7e00d22e5dab32940b86bdeed68fb333) Importer(815301076,1909f56bfc062723c751e8b465ee728b)  -> (artifact id: '4cb2e46dc79e50e5f3239f2a0ea16007') in 0.018206 seconds 
========================================================================
Received Import Request.
  Time since last request: 0.000019 seconds.
  path: Assets/HighQualityBricks&Walls/Images/wall-846013/wall-846013_specular.png
  artifactKey: Guid(ecad5034e170ceb4a9d0d824b44947a6) Importer(815301076,1909f56bfc062723c751e8b465ee728b)
Start importing Assets/HighQualityBricks&Walls/Images/wall-846013/wall-846013_specular.png using Guid(ecad5034e170ceb4a9d0d824b44947a6) Importer(815301076,1909f56bfc062723c751e8b465ee728b)  -> (artifact id: 'f2f5725433238f17378fe08789db630d') in 0.027036 seconds 
========================================================================
Received Import Request.
  Time since last request: 0.407602 seconds.
  path: Assets/HighQualityBricks&Walls/Images/wall-617961/wall-617961.png
  artifactKey: Guid(fdd045abac6b44b4f9c558e81e722e60) Importer(815301076,1909f56bfc062723c751e8b465ee728b)
Start importing Assets/HighQualityBricks&Walls/Images/wall-617961/wall-617961.png using Guid(fdd045abac6b44b4f9c558e81e722e60) Importer(815301076,1909f56bfc062723c751e8b465ee728b)  -> (artifact id: 'd00a2c3a96005b23dd87d90b81b691eb') in 0.011012 seconds 
========================================================================
Received Import Request.
  Time since last request: 0.000021 seconds.
  path: Assets/HighQualityBricks&Walls/Images/wall-617961/wall-617961_specular.png
  artifactKey: Guid(5c85fe163a46e41429d6b7a5bded2693) Importer(815301076,1909f56bfc062723c751e8b465ee728b)
Start importing Assets/HighQualityBricks&Walls/Images/wall-617961/wall-617961_specular.png using Guid(5c85fe163a46e41429d6b7a5bded2693) Importer(815301076,1909f56bfc062723c751e8b465ee728b)  -> (artifact id: '586c0be9de45d39d357145bc58beddd9') in 0.011842 seconds 
========================================================================
Received Import Request.
  Time since last request: 4.027461 seconds.
  path: Assets/HighQualityBricks&Walls/Images/tile-846018/tile-846018.png
  artifactKey: Guid(5b67d1103800a2141a4c1624e281b778) Importer(815301076,1909f56bfc062723c751e8b465ee728b)
Start importing Assets/HighQualityBricks&Walls/Images/tile-846018/tile-846018.png using Guid(5b67d1103800a2141a4c1624e281b778) Importer(815301076,1909f56bfc062723c751e8b465ee728b)  -> (artifact id: 'f4c60a337bdf5f5d5978626f1da13cfe') in 0.015645 seconds 
========================================================================
Received Import Request.
  Time since last request: 0.000021 seconds.
  path: Assets/HighQualityBricks&Walls/Images/tile-846018/tile-846018_specular.png
  artifactKey: Guid(a68aea1a044ed524894f713d015247d5) Importer(815301076,1909f56bfc062723c751e8b465ee728b)
Start importing Assets/HighQualityBricks&Walls/Images/tile-846018/tile-846018_specular.png using Guid(a68aea1a044ed524894f713d015247d5) Importer(815301076,1909f56bfc062723c751e8b465ee728b)  -> (artifact id: '8134b7aeb34aa207be21d0f7e80d4f4e') in 0.010970 seconds 
========================================================================
Received Import Request.
  Time since last request: 0.540541 seconds.
  path: Assets/HighQualityBricks&Walls/Images/texture-709723/texture-709723.png
  artifactKey: Guid(765982ebcb68a4243a427bb0df9bdc3b) Importer(815301076,1909f56bfc062723c751e8b465ee728b)
Start importing Assets/HighQualityBricks&Walls/Images/texture-709723/texture-709723.png using Guid(765982ebcb68a4243a427bb0df9bdc3b) Importer(815301076,1909f56bfc062723c751e8b465ee728b)  -> (artifact id: '15f149078123f165954d47039952fe24') in 0.011042 seconds 
========================================================================
Received Import Request.
  Time since last request: 0.000018 seconds.
  path: Assets/HighQualityBricks&Walls/Images/texture-709723/texture-709723_specular.png
  artifactKey: Guid(5d6b7dcd0cf67bd4f8c7209b88321461) Importer(815301076,1909f56bfc062723c751e8b465ee728b)
Start importing Assets/HighQualityBricks&Walls/Images/texture-709723/texture-709723_specular.png using Guid(5d6b7dcd0cf67bd4f8c7209b88321461) Importer(815301076,1909f56bfc062723c751e8b465ee728b)  -> (artifact id: '9be182b59374887afc9df56ecab78b23') in 0.023486 seconds 
========================================================================
Received Import Request.
  Time since last request: 0.244874 seconds.
  path: Assets/HighQualityBricks&Walls/Images/stone-805287/stone-805287.png
  artifactKey: Guid(5cdae53c11b7fdd4a98c13e697644f80) Importer(815301076,1909f56bfc062723c751e8b465ee728b)
Start importing Assets/HighQualityBricks&Walls/Images/stone-805287/stone-805287.png using Guid(5cdae53c11b7fdd4a98c13e697644f80) Importer(815301076,1909f56bfc062723c751e8b465ee728b)  -> (artifact id: '7ae66de80ba43f2f05a3fbf9deb823c2') in 0.012935 seconds 
========================================================================
Received Import Request.
  Time since last request: 0.000015 seconds.
  path: Assets/HighQualityBricks&Walls/Images/stone-805287/stone-805287_specular.png
  artifactKey: Guid(49da89e97739aee4d9672ac724a0c102) Importer(815301076,1909f56bfc062723c751e8b465ee728b)
Start importing Assets/HighQualityBricks&Walls/Images/stone-805287/stone-805287_specular.png using Guid(49da89e97739aee4d9672ac724a0c102) Importer(815301076,1909f56bfc062723c751e8b465ee728b)  -> (artifact id: '85147d78f8e64c84f406798ded4d0f74') in 0.024241 seconds 
========================================================================
Received Prepare
Registering precompiled user dll's ...
Registered in 0.005136 seconds.
Begin MonoManager ReloadAssembly
Symbol file LoadedFromMemory doesn't match image C:\Users\Kim\Documents\GitHub\GC-Chill-Beats-To-Study\Library\PackageCache\com.unity.visualscripting@1.7.8\Editor\VisualScripting.Core\Dependencies\YamlDotNet\Unity.VisualScripting.YamlDotNet.dll
Symbol file LoadedFromMemory doesn't match image C:\Users\Kim\Documents\GitHub\GC-Chill-Beats-To-Study\Library\PackageCache\com.unity.visualscripting@1.7.8\Editor\VisualScripting.Core\Dependencies\DotNetZip\Unity.VisualScripting.IonicZip.dll
Native extension for WindowsStandalone target not found
Native extension for WebGL target not found
Refreshing native plugins compatible for Editor in 0.53 ms, found 3 plugins.
Preloading 0 native plugins for Editor in 0.00 ms.
Mono: successfully reloaded assembly
- Completed reload, in  1.033 seconds
Domain Reload Profiling:
	ReloadAssembly (1033ms)
		BeginReloadAssembly (201ms)
			ExecutionOrderSort (0ms)
			DisableScriptedObjects (6ms)
			BackupInstance (0ms)
			ReleaseScriptingObjects (0ms)
			CreateAndSetChildDomain (83ms)
		EndReloadAssembly (734ms)
			LoadAssemblies (92ms)
			RebuildTransferFunctionScriptingTraits (0ms)
			SetupTypeCache (269ms)
			ReleaseScriptCaches (1ms)
			RebuildScriptCaches (38ms)
			SetupLoadedEditorAssemblies (310ms)
				LogAssemblyErrors (0ms)
				InitializePlatformSupportModulesInManaged (14ms)
				SetLoadedEditorAssemblies (1ms)
				RefreshPlugins (1ms)
				BeforeProcessingInitializeOnLoad (61ms)
				ProcessInitializeOnLoadAttributes (201ms)
				ProcessInitializeOnLoadMethodAttributes (27ms)
				AfterProcessingInitializeOnLoad (5ms)
				EditorAssembliesLoaded (0ms)
			ExecutionOrderSort2 (0ms)
			AwakeInstancesAfterBackupRestoration (5ms)
Platform modules already initialized, skipping
Refreshing native plugins compatible for Editor in 1.72 ms, found 3 plugins.
Preloading 0 native plugins for Editor in 0.00 ms.
Unloading 3379 Unused Serialized files (Serialized files now loaded: 0)
Unloading 35 unused Assets / (4.7 MB). Loaded Objects now: 3882.
Memory consumption went from 129.1 MB to 124.4 MB.
Total: 4.567000 ms (FindLiveObjects: 0.255100 ms CreateObjectMapping: 0.189000 ms MarkObjects: 2.342600 ms  DeleteObjects: 1.779400 ms)

AssetImportParameters requested are different than current active one (requested -> active):
  custom:video-decoder-ogg-theora: a1e56fd34408186e4bbccfd4996cb3dc -> 
  custom:container-muxer-webm: aa71ff27fc2769a1b78a27578f13a17b -> 
  custom:container-demuxer-webm: 4f35f7cbe854078d1ac9338744f61a02 -> 
  custom:video-encoder-webm-vp8: eb34c28f22e8b96e1ab97ce403110664 -> 
  custom:audio-encoder-webm-vorbis: bf7c407c2cedff20999df2af8eb42d56 -> 
  custom:framework-win-MediaFoundation: 216162199b28c13a410421893ffa2e32 -> 
  custom:container-demuxer-ogg: 62fdf1f143b41e24485cea50d1cbac27 -> 
  custom:video-decoder-webm-vp8: 9c59270c3fd7afecdb556c50c9e8de78 -> 
  custom:audio-decoder-ogg-vorbis: bf7c407c2cedff20999df2af8eb42d56 -> 
========================================================================
Received Prepare
Registering precompiled user dll's ...
Registered in 0.004979 seconds.
Begin MonoManager ReloadAssembly
Symbol file LoadedFromMemory doesn't match image C:\Users\Kim\Documents\GitHub\GC-Chill-Beats-To-Study\Library\PackageCache\com.unity.visualscripting@1.7.8\Editor\VisualScripting.Core\Dependencies\YamlDotNet\Unity.VisualScripting.YamlDotNet.dll
Symbol file LoadedFromMemory doesn't match image C:\Users\Kim\Documents\GitHub\GC-Chill-Beats-To-Study\Library\PackageCache\com.unity.visualscripting@1.7.8\Editor\VisualScripting.Core\Dependencies\DotNetZip\Unity.VisualScripting.IonicZip.dll
Native extension for WindowsStandalone target not found
Native extension for WebGL target not found
Refreshing native plugins compatible for Editor in 0.59 ms, found 3 plugins.
Preloading 0 native plugins for Editor in 0.00 ms.
Mono: successfully reloaded assembly
- Completed reload, in  0.872 seconds
Domain Reload Profiling:
	ReloadAssembly (872ms)
		BeginReloadAssembly (114ms)
			ExecutionOrderSort (0ms)
			DisableScriptedObjects (5ms)
			BackupInstance (0ms)
			ReleaseScriptingObjects (0ms)
			CreateAndSetChildDomain (28ms)
		EndReloadAssembly (670ms)
			LoadAssemblies (70ms)
			RebuildTransferFunctionScriptingTraits (0ms)
			SetupTypeCache (231ms)
			ReleaseScriptCaches (1ms)
			RebuildScriptCaches (40ms)
			SetupLoadedEditorAssemblies (294ms)
				LogAssemblyErrors (0ms)
				InitializePlatformSupportModulesInManaged (12ms)
				SetLoadedEditorAssemblies (0ms)
				RefreshPlugins (1ms)
				BeforeProcessingInitializeOnLoad (61ms)
				ProcessInitializeOnLoadAttributes (192ms)
				ProcessInitializeOnLoadMethodAttributes (23ms)
				AfterProcessingInitializeOnLoad (5ms)
				EditorAssembliesLoaded (0ms)
			ExecutionOrderSort2 (0ms)
			AwakeInstancesAfterBackupRestoration (5ms)
Platform modules already initialized, skipping
Refreshing native plugins compatible for Editor in 1.62 ms, found 3 plugins.
Preloading 0 native plugins for Editor in 0.00 ms.
Unloading 3380 Unused Serialized files (Serialized files now loaded: 0)
Unloading 35 unused Assets / (4.7 MB). Loaded Objects now: 3886.
Memory consumption went from 129.2 MB to 124.4 MB.
Total: 4.076800 ms (FindLiveObjects: 0.242500 ms CreateObjectMapping: 0.121700 ms MarkObjects: 2.006900 ms  DeleteObjects: 1.705100 ms)

AssetImportParameters requested are different than current active one (requested -> active):
  custom:video-decoder-ogg-theora: a1e56fd34408186e4bbccfd4996cb3dc -> 
  custom:container-muxer-webm: aa71ff27fc2769a1b78a27578f13a17b -> 
  custom:container-demuxer-webm: 4f35f7cbe854078d1ac9338744f61a02 -> 
  custom:video-encoder-webm-vp8: eb34c28f22e8b96e1ab97ce403110664 -> 
  custom:audio-encoder-webm-vorbis: bf7c407c2cedff20999df2af8eb42d56 -> 
  custom:framework-win-MediaFoundation: 216162199b28c13a410421893ffa2e32 -> 
  custom:container-demuxer-ogg: 62fdf1f143b41e24485cea50d1cbac27 -> 
  custom:video-decoder-webm-vp8: 9c59270c3fd7afecdb556c50c9e8de78 -> 
  custom:audio-decoder-ogg-vorbis: bf7c407c2cedff20999df2af8eb42d56 -> 
========================================================================
Received Prepare
Registering precompiled user dll's ...
Registered in 0.004309 seconds.
Begin MonoManager ReloadAssembly
Symbol file LoadedFromMemory doesn't match image C:\Users\Kim\Documents\GitHub\GC-Chill-Beats-To-Study\Library\PackageCache\com.unity.visualscripting@1.7.8\Editor\VisualScripting.Core\Dependencies\YamlDotNet\Unity.VisualScripting.YamlDotNet.dll
Symbol file LoadedFromMemory doesn't match image C:\Users\Kim\Documents\GitHub\GC-Chill-Beats-To-Study\Library\PackageCache\com.unity.visualscripting@1.7.8\Editor\VisualScripting.Core\Dependencies\DotNetZip\Unity.VisualScripting.IonicZip.dll
Native extension for WindowsStandalone target not found
Native extension for WebGL target not found
Refreshing native plugins compatible for Editor in 0.57 ms, found 3 plugins.
Preloading 0 native plugins for Editor in 0.00 ms.
Mono: successfully reloaded assembly
- Completed reload, in  0.915 seconds
Domain Reload Profiling:
	ReloadAssembly (915ms)
		BeginReloadAssembly (116ms)
			ExecutionOrderSort (0ms)
			DisableScriptedObjects (5ms)
			BackupInstance (0ms)
			ReleaseScriptingObjects (0ms)
			CreateAndSetChildDomain (32ms)
		EndReloadAssembly (712ms)
			LoadAssemblies (68ms)
			RebuildTransferFunctionScriptingTraits (0ms)
			SetupTypeCache (240ms)
			ReleaseScriptCaches (1ms)
			RebuildScriptCaches (37ms)
			SetupLoadedEditorAssemblies (320ms)
				LogAssemblyErrors (0ms)
				InitializePlatformSupportModulesInManaged (14ms)
				SetLoadedEditorAssemblies (0ms)
				RefreshPlugins (1ms)
				BeforeProcessingInitializeOnLoad (65ms)
				ProcessInitializeOnLoadAttributes (208ms)
				ProcessInitializeOnLoadMethodAttributes (26ms)
				AfterProcessingInitializeOnLoad (6ms)
				EditorAssembliesLoaded (0ms)
			ExecutionOrderSort2 (0ms)
			AwakeInstancesAfterBackupRestoration (5ms)
Platform modules already initialized, skipping
Refreshing native plugins compatible for Editor in 1.65 ms, found 3 plugins.
Preloading 0 native plugins for Editor in 0.00 ms.
Unloading 3380 Unused Serialized files (Serialized files now loaded: 0)
Unloading 35 unused Assets / (4.7 MB). Loaded Objects now: 3889.
Memory consumption went from 129.2 MB to 124.4 MB.
Total: 4.619400 ms (FindLiveObjects: 0.235000 ms CreateObjectMapping: 0.146700 ms MarkObjects: 2.339500 ms  DeleteObjects: 1.897300 ms)

AssetImportParameters requested are different than current active one (requested -> active):
  custom:video-decoder-ogg-theora: a1e56fd34408186e4bbccfd4996cb3dc -> 
  custom:container-muxer-webm: aa71ff27fc2769a1b78a27578f13a17b -> 
  custom:container-demuxer-webm: 4f35f7cbe854078d1ac9338744f61a02 -> 
  custom:video-encoder-webm-vp8: eb34c28f22e8b96e1ab97ce403110664 -> 
  custom:audio-encoder-webm-vorbis: bf7c407c2cedff20999df2af8eb42d56 -> 
  custom:framework-win-MediaFoundation: 216162199b28c13a410421893ffa2e32 -> 
  custom:container-demuxer-ogg: 62fdf1f143b41e24485cea50d1cbac27 -> 
  custom:video-decoder-webm-vp8: 9c59270c3fd7afecdb556c50c9e8de78 -> 
  custom:audio-decoder-ogg-vorbis: bf7c407c2cedff20999df2af8eb42d56 -> 
========================================================================
Received Prepare
Registering precompiled user dll's ...
Registered in 0.004173 seconds.
Begin MonoManager ReloadAssembly
Symbol file LoadedFromMemory doesn't match image C:\Users\Kim\Documents\GitHub\GC-Chill-Beats-To-Study\Library\PackageCache\com.unity.visualscripting@1.7.8\Editor\VisualScripting.Core\Dependencies\YamlDotNet\Unity.VisualScripting.YamlDotNet.dll
Symbol file LoadedFromMemory doesn't match image C:\Users\Kim\Documents\GitHub\GC-Chill-Beats-To-Study\Library\PackageCache\com.unity.visualscripting@1.7.8\Editor\VisualScripting.Core\Dependencies\DotNetZip\Unity.VisualScripting.IonicZip.dll
Native extension for WindowsStandalone target not found
Native extension for WebGL target not found
Refreshing native plugins compatible for Editor in 0.56 ms, found 3 plugins.
Preloading 0 native plugins for Editor in 0.00 ms.
Mono: successfully reloaded assembly
- Completed reload, in  0.894 seconds
Domain Reload Profiling:
	ReloadAssembly (895ms)
		BeginReloadAssembly (109ms)
			ExecutionOrderSort (0ms)
			DisableScriptedObjects (5ms)
			BackupInstance (0ms)
			ReleaseScriptingObjects (0ms)
			CreateAndSetChildDomain (29ms)
		EndReloadAssembly (703ms)
			LoadAssemblies (66ms)
			RebuildTransferFunctionScriptingTraits (0ms)
			SetupTypeCache (264ms)
			ReleaseScriptCaches (1ms)
			RebuildScriptCaches (40ms)
			SetupLoadedEditorAssemblies (289ms)
				LogAssemblyErrors (0ms)
				InitializePlatformSupportModulesInManaged (13ms)
				SetLoadedEditorAssemblies (0ms)
				RefreshPlugins (1ms)
				BeforeProcessingInitializeOnLoad (61ms)
				ProcessInitializeOnLoadAttributes (181ms)
				ProcessInitializeOnLoadMethodAttributes (25ms)
				AfterProcessingInitializeOnLoad (7ms)
				EditorAssembliesLoaded (0ms)
			ExecutionOrderSort2 (0ms)
			AwakeInstancesAfterBackupRestoration (5ms)
Platform modules already initialized, skipping
Refreshing native plugins compatible for Editor in 1.46 ms, found 3 plugins.
Preloading 0 native plugins for Editor in 0.00 ms.
Unloading 3380 Unused Serialized files (Serialized files now loaded: 0)
Unloading 35 unused Assets / (4.7 MB). Loaded Objects now: 3892.
Memory consumption went from 129.2 MB to 124.4 MB.
Total: 4.946500 ms (FindLiveObjects: 0.219800 ms CreateObjectMapping: 0.112700 ms MarkObjects: 2.383300 ms  DeleteObjects: 2.230000 ms)

AssetImportParameters requested are different than current active one (requested -> active):
  custom:video-decoder-ogg-theora: a1e56fd34408186e4bbccfd4996cb3dc -> 
  custom:container-muxer-webm: aa71ff27fc2769a1b78a27578f13a17b -> 
  custom:container-demuxer-webm: 4f35f7cbe854078d1ac9338744f61a02 -> 
  custom:video-encoder-webm-vp8: eb34c28f22e8b96e1ab97ce403110664 -> 
  custom:audio-encoder-webm-vorbis: bf7c407c2cedff20999df2af8eb42d56 -> 
  custom:framework-win-MediaFoundation: 216162199b28c13a410421893ffa2e32 -> 
  custom:container-demuxer-ogg: 62fdf1f143b41e24485cea50d1cbac27 -> 
  custom:video-decoder-webm-vp8: 9c59270c3fd7afecdb556c50c9e8de78 -> 
  custom:audio-decoder-ogg-vorbis: bf7c407c2cedff20999df2af8eb42d56 -> 
========================================================================
Received Prepare
Registering precompiled user dll's ...
Registered in 0.004085 seconds.
Begin MonoManager ReloadAssembly
Symbol file LoadedFromMemory doesn't match image C:\Users\Kim\Documents\GitHub\GC-Chill-Beats-To-Study\Library\PackageCache\com.unity.visualscripting@1.7.8\Editor\VisualScripting.Core\Dependencies\YamlDotNet\Unity.VisualScripting.YamlDotNet.dll
Symbol file LoadedFromMemory doesn't match image C:\Users\Kim\Documents\GitHub\GC-Chill-Beats-To-Study\Library\PackageCache\com.unity.visualscripting@1.7.8\Editor\VisualScripting.Core\Dependencies\DotNetZip\Unity.VisualScripting.IonicZip.dll
Native extension for WindowsStandalone target not found
Native extension for WebGL target not found
Refreshing native plugins compatible for Editor in 0.51 ms, found 3 plugins.
Preloading 0 native plugins for Editor in 0.00 ms.
Mono: successfully reloaded assembly
- Completed reload, in  0.910 seconds
Domain Reload Profiling:
	ReloadAssembly (910ms)
		BeginReloadAssembly (113ms)
			ExecutionOrderSort (0ms)
			DisableScriptedObjects (5ms)
			BackupInstance (0ms)
			ReleaseScriptingObjects (0ms)
			CreateAndSetChildDomain (30ms)
		EndReloadAssembly (708ms)
			LoadAssemblies (68ms)
			RebuildTransferFunctionScriptingTraits (0ms)
			SetupTypeCache (254ms)
			ReleaseScriptCaches (1ms)
			RebuildScriptCaches (37ms)
			SetupLoadedEditorAssemblies (307ms)
				LogAssemblyErrors (0ms)
				InitializePlatformSupportModulesInManaged (12ms)
				SetLoadedEditorAssemblies (0ms)
				RefreshPlugins (1ms)
				BeforeProcessingInitializeOnLoad (61ms)
				ProcessInitializeOnLoadAttributes (200ms)
				ProcessInitializeOnLoadMethodAttributes (26ms)
				AfterProcessingInitializeOnLoad (7ms)
				EditorAssembliesLoaded (0ms)
			ExecutionOrderSort2 (0ms)
			AwakeInstancesAfterBackupRestoration (6ms)
Platform modules already initialized, skipping
Refreshing native plugins compatible for Editor in 1.78 ms, found 3 plugins.
Preloading 0 native plugins for Editor in 0.00 ms.
Unloading 3380 Unused Serialized files (Serialized files now loaded: 0)
Unloading 35 unused Assets / (4.7 MB). Loaded Objects now: 3895.
Memory consumption went from 129.2 MB to 124.5 MB.
Total: 4.983800 ms (FindLiveObjects: 0.287300 ms CreateObjectMapping: 0.212900 ms MarkObjects: 2.444800 ms  DeleteObjects: 2.037800 ms)

AssetImportParameters requested are different than current active one (requested -> active):
  custom:video-decoder-ogg-theora: a1e56fd34408186e4bbccfd4996cb3dc -> 
  custom:container-muxer-webm: aa71ff27fc2769a1b78a27578f13a17b -> 
  custom:container-demuxer-webm: 4f35f7cbe854078d1ac9338744f61a02 -> 
  custom:video-encoder-webm-vp8: eb34c28f22e8b96e1ab97ce403110664 -> 
  custom:audio-encoder-webm-vorbis: bf7c407c2cedff20999df2af8eb42d56 -> 
  custom:framework-win-MediaFoundation: 216162199b28c13a410421893ffa2e32 -> 
  custom:container-demuxer-ogg: 62fdf1f143b41e24485cea50d1cbac27 -> 
  custom:video-decoder-webm-vp8: 9c59270c3fd7afecdb556c50c9e8de78 -> 
  custom:audio-decoder-ogg-vorbis: bf7c407c2cedff20999df2af8eb42d56 -> 
========================================================================
Received Prepare
Registering precompiled user dll's ...
Registered in 0.004487 seconds.
Begin MonoManager ReloadAssembly
Symbol file LoadedFromMemory doesn't match image C:\Users\Kim\Documents\GitHub\GC-Chill-Beats-To-Study\Library\PackageCache\com.unity.visualscripting@1.7.8\Editor\VisualScripting.Core\Dependencies\YamlDotNet\Unity.VisualScripting.YamlDotNet.dll
Symbol file LoadedFromMemory doesn't match image C:\Users\Kim\Documents\GitHub\GC-Chill-Beats-To-Study\Library\PackageCache\com.unity.visualscripting@1.7.8\Editor\VisualScripting.Core\Dependencies\DotNetZip\Unity.VisualScripting.IonicZip.dll
Native extension for WindowsStandalone target not found
Native extension for WebGL target not found
Refreshing native plugins compatible for Editor in 0.59 ms, found 3 plugins.
Preloading 0 native plugins for Editor in 0.00 ms.
Mono: successfully reloaded assembly
- Completed reload, in  0.877 seconds
Domain Reload Profiling:
	ReloadAssembly (877ms)
		BeginReloadAssembly (115ms)
			ExecutionOrderSort (0ms)
			DisableScriptedObjects (5ms)
			BackupInstance (0ms)
			ReleaseScriptingObjects (0ms)
			CreateAndSetChildDomain (30ms)
		EndReloadAssembly (676ms)
			LoadAssemblies (69ms)
			RebuildTransferFunctionScriptingTraits (0ms)
			SetupTypeCache (240ms)
			ReleaseScriptCaches (1ms)
			RebuildScriptCaches (40ms)
			SetupLoadedEditorAssemblies (286ms)
				LogAssemblyErrors (0ms)
				InitializePlatformSupportModulesInManaged (14ms)
				SetLoadedEditorAssemblies (1ms)
				RefreshPlugins (1ms)
				BeforeProcessingInitializeOnLoad (61ms)
				ProcessInitializeOnLoadAttributes (181ms)
				ProcessInitializeOnLoadMethodAttributes (23ms)
				AfterProcessingInitializeOnLoad (5ms)
				EditorAssembliesLoaded (0ms)
			ExecutionOrderSort2 (0ms)
			AwakeInstancesAfterBackupRestoration (5ms)
Platform modules already initialized, skipping
Refreshing native plugins compatible for Editor in 1.82 ms, found 3 plugins.
Preloading 0 native plugins for Editor in 0.00 ms.
Unloading 3380 Unused Serialized files (Serialized files now loaded: 0)
Unloading 35 unused Assets / (4.7 MB). Loaded Objects now: 3898.
Memory consumption went from 129.2 MB to 124.5 MB.
Total: 4.264800 ms (FindLiveObjects: 0.218300 ms CreateObjectMapping: 0.123700 ms MarkObjects: 2.127000 ms  DeleteObjects: 1.794700 ms)

AssetImportParameters requested are different than current active one (requested -> active):
  custom:video-decoder-ogg-theora: a1e56fd34408186e4bbccfd4996cb3dc -> 
  custom:container-muxer-webm: aa71ff27fc2769a1b78a27578f13a17b -> 
  custom:container-demuxer-webm: 4f35f7cbe854078d1ac9338744f61a02 -> 
  custom:video-encoder-webm-vp8: eb34c28f22e8b96e1ab97ce403110664 -> 
  custom:audio-encoder-webm-vorbis: bf7c407c2cedff20999df2af8eb42d56 -> 
  custom:framework-win-MediaFoundation: 216162199b28c13a410421893ffa2e32 -> 
  custom:container-demuxer-ogg: 62fdf1f143b41e24485cea50d1cbac27 -> 
  custom:video-decoder-webm-vp8: 9c59270c3fd7afecdb556c50c9e8de78 -> 
  custom:audio-decoder-ogg-vorbis: bf7c407c2cedff20999df2af8eb42d56 -> 
========================================================================
Received Prepare
Registering precompiled user dll's ...
Registered in 0.004530 seconds.
Begin MonoManager ReloadAssembly
Symbol file LoadedFromMemory doesn't match image C:\Users\Kim\Documents\GitHub\GC-Chill-Beats-To-Study\Library\PackageCache\com.unity.visualscripting@1.7.8\Editor\VisualScripting.Core\Dependencies\YamlDotNet\Unity.VisualScripting.YamlDotNet.dll
Symbol file LoadedFromMemory doesn't match image C:\Users\Kim\Documents\GitHub\GC-Chill-Beats-To-Study\Library\PackageCache\com.unity.visualscripting@1.7.8\Editor\VisualScripting.Core\Dependencies\DotNetZip\Unity.VisualScripting.IonicZip.dll
Native extension for WindowsStandalone target not found
Native extension for WebGL target not found
Refreshing native plugins compatible for Editor in 0.50 ms, found 3 plugins.
Preloading 0 native plugins for Editor in 0.00 ms.
Mono: successfully reloaded assembly
- Completed reload, in  0.881 seconds
Domain Reload Profiling:
	ReloadAssembly (882ms)
		BeginReloadAssembly (115ms)
			ExecutionOrderSort (0ms)
			DisableScriptedObjects (5ms)
			BackupInstance (0ms)
			ReleaseScriptingObjects (0ms)
			CreateAndSetChildDomain (30ms)
		EndReloadAssembly (681ms)
			LoadAssemblies (69ms)
			RebuildTransferFunctionScriptingTraits (0ms)
			SetupTypeCache (229ms)
			ReleaseScriptCaches (1ms)
			RebuildScriptCaches (38ms)
			SetupLoadedEditorAssemblies (304ms)
				LogAssemblyErrors (0ms)
				InitializePlatformSupportModulesInManaged (12ms)
				SetLoadedEditorAssemblies (0ms)
				RefreshPlugins (1ms)
				BeforeProcessingInitializeOnLoad (62ms)
				ProcessInitializeOnLoadAttributes (197ms)
				ProcessInitializeOnLoadMethodAttributes (27ms)
				AfterProcessingInitializeOnLoad (5ms)
				EditorAssembliesLoaded (0ms)
			ExecutionOrderSort2 (0ms)
			AwakeInstancesAfterBackupRestoration (5ms)
Platform modules already initialized, skipping
Refreshing native plugins compatible for Editor in 1.70 ms, found 3 plugins.
Preloading 0 native plugins for Editor in 0.00 ms.
Unloading 3380 Unused Serialized files (Serialized files now loaded: 0)
Unloading 35 unused Assets / (4.7 MB). Loaded Objects now: 3901.
Memory consumption went from 129.2 MB to 124.5 MB.
Total: 4.784800 ms (FindLiveObjects: 0.322900 ms CreateObjectMapping: 0.174100 ms MarkObjects: 2.341300 ms  DeleteObjects: 1.945900 ms)

AssetImportParameters requested are different than current active one (requested -> active):
  custom:video-decoder-ogg-theora: a1e56fd34408186e4bbccfd4996cb3dc -> 
  custom:container-muxer-webm: aa71ff27fc2769a1b78a27578f13a17b -> 
  custom:container-demuxer-webm: 4f35f7cbe854078d1ac9338744f61a02 -> 
  custom:video-encoder-webm-vp8: eb34c28f22e8b96e1ab97ce403110664 -> 
  custom:audio-encoder-webm-vorbis: bf7c407c2cedff20999df2af8eb42d56 -> 
  custom:framework-win-MediaFoundation: 216162199b28c13a410421893ffa2e32 -> 
  custom:container-demuxer-ogg: 62fdf1f143b41e24485cea50d1cbac27 -> 
  custom:video-decoder-webm-vp8: 9c59270c3fd7afecdb556c50c9e8de78 -> 
  custom:audio-decoder-ogg-vorbis: bf7c407c2cedff20999df2af8eb42d56 -> 
========================================================================
Received Prepare
Registering precompiled user dll's ...
Registered in 0.005010 seconds.
Begin MonoManager ReloadAssembly
Symbol file LoadedFromMemory doesn't match image C:\Users\Kim\Documents\GitHub\GC-Chill-Beats-To-Study\Library\PackageCache\com.unity.visualscripting@1.7.8\Editor\VisualScripting.Core\Dependencies\YamlDotNet\Unity.VisualScripting.YamlDotNet.dll
Symbol file LoadedFromMemory doesn't match image C:\Users\Kim\Documents\GitHub\GC-Chill-Beats-To-Study\Library\PackageCache\com.unity.visualscripting@1.7.8\Editor\VisualScripting.Core\Dependencies\DotNetZip\Unity.VisualScripting.IonicZip.dll
Native extension for WindowsStandalone target not found
Native extension for WebGL target not found
Refreshing native plugins compatible for Editor in 0.69 ms, found 3 plugins.
Preloading 0 native plugins for Editor in 0.00 ms.
Mono: successfully reloaded assembly
- Completed reload, in  0.914 seconds
Domain Reload Profiling:
	ReloadAssembly (914ms)
		BeginReloadAssembly (118ms)
			ExecutionOrderSort (0ms)
			DisableScriptedObjects (7ms)
			BackupInstance (0ms)
			ReleaseScriptingObjects (0ms)
			CreateAndSetChildDomain (29ms)
		EndReloadAssembly (705ms)
			LoadAssemblies (69ms)
			RebuildTransferFunctionScriptingTraits (0ms)
			SetupTypeCache (243ms)
			ReleaseScriptCaches (1ms)
			RebuildScriptCaches (37ms)
			SetupLoadedEditorAssemblies (312ms)
				LogAssemblyErrors (0ms)
				InitializePlatformSupportModulesInManaged (14ms)
				SetLoadedEditorAssemblies (0ms)
				RefreshPlugins (1ms)
				BeforeProcessingInitializeOnLoad (65ms)
				ProcessInitializeOnLoadAttributes (201ms)
				ProcessInitializeOnLoadMethodAttributes (25ms)
				AfterProcessingInitializeOnLoad (6ms)
				EditorAssembliesLoaded (0ms)
			ExecutionOrderSort2 (0ms)
			AwakeInstancesAfterBackupRestoration (5ms)
Platform modules already initialized, skipping
Refreshing native plugins compatible for Editor in 1.68 ms, found 3 plugins.
Preloading 0 native plugins for Editor in 0.00 ms.
Unloading 3380 Unused Serialized files (Serialized files now loaded: 0)
Unloading 35 unused Assets / (4.7 MB). Loaded Objects now: 3904.
Memory consumption went from 129.2 MB to 124.5 MB.
Total: 5.171700 ms (FindLiveObjects: 0.250900 ms CreateObjectMapping: 0.157900 ms MarkObjects: 2.498000 ms  DeleteObjects: 2.263900 ms)

AssetImportParameters requested are different than current active one (requested -> active):
  custom:video-decoder-ogg-theora: a1e56fd34408186e4bbccfd4996cb3dc -> 
  custom:container-muxer-webm: aa71ff27fc2769a1b78a27578f13a17b -> 
  custom:container-demuxer-webm: 4f35f7cbe854078d1ac9338744f61a02 -> 
  custom:video-encoder-webm-vp8: eb34c28f22e8b96e1ab97ce403110664 -> 
  custom:audio-encoder-webm-vorbis: bf7c407c2cedff20999df2af8eb42d56 -> 
  custom:framework-win-MediaFoundation: 216162199b28c13a410421893ffa2e32 -> 
  custom:container-demuxer-ogg: 62fdf1f143b41e24485cea50d1cbac27 -> 
  custom:video-decoder-webm-vp8: 9c59270c3fd7afecdb556c50c9e8de78 -> 
  custom:audio-decoder-ogg-vorbis: bf7c407c2cedff20999df2af8eb42d56 -> 
