Using pre-set license
Built from '2021.3/staging' branch; Version is '2021.3.6f1 (7da38d85baf6) revision 8233869'; Using compiler version '192829333'; Build Type 'Release'
OS: 'Windows 11  (10.0.22000) 64bit Professional' Language: 'en' Physical Memory: 16318 MB
BatchMode: 1, IsHumanControllingUs: 0, StartBugReporterOnCrash: 0, Is64bit: 1, IsPro: 1

COMMAND LINE ARGUMENTS:
C:\Program Files\Unity\Hub\Editor\2021.3.6f1\Editor\Unity.exe
-adb2
-batchMode
-noUpm
-name
AssetImportWorker1
-projectPath
C:/Users/Kim/Documents/GitHub/GC-Chill-Beats-To-Study
-logFile
Logs/AssetImportWorker1.log
-srvPort
49426
Successfully changed project path to: C:/Users/Kim/Documents/GitHub/GC-Chill-Beats-To-Study
C:/Users/Kim/Documents/GitHub/GC-Chill-Beats-To-Study
[UnityMemory] Configuration Parameters - Can be set up in boot.config
    "memorysetup-bucket-allocator-granularity=16"
    "memorysetup-bucket-allocator-bucket-count=8"
    "memorysetup-bucket-allocator-block-size=33554432"
    "memorysetup-bucket-allocator-block-count=8"
    "memorysetup-main-allocator-block-size=16777216"
    "memorysetup-thread-allocator-block-size=16777216"
    "memorysetup-gfx-main-allocator-block-size=16777216"
    "memorysetup-gfx-thread-allocator-block-size=16777216"
    "memorysetup-cache-allocator-block-size=4194304"
    "memorysetup-typetree-allocator-block-size=2097152"
    "memorysetup-profiler-bucket-allocator-granularity=16"
    "memorysetup-profiler-bucket-allocator-bucket-count=8"
    "memorysetup-profiler-bucket-allocator-block-size=33554432"
    "memorysetup-profiler-bucket-allocator-block-count=8"
    "memorysetup-profiler-allocator-block-size=16777216"
    "memorysetup-profiler-editor-allocator-block-size=1048576"
    "memorysetup-temp-allocator-size-main=16777216"
    "memorysetup-job-temp-allocator-block-size=2097152"
    "memorysetup-job-temp-allocator-block-size-background=1048576"
    "memorysetup-job-temp-allocator-reduction-small-platforms=262144"
    "memorysetup-temp-allocator-size-background-worker=32768"
    "memorysetup-temp-allocator-size-job-worker=262144"
    "memorysetup-temp-allocator-size-preload-manager=33554432"
    "memorysetup-temp-allocator-size-nav-mesh-worker=65536"
    "memorysetup-temp-allocator-size-audio-worker=65536"
    "memorysetup-temp-allocator-size-cloud-worker=32768"
    "memorysetup-temp-allocator-size-gi-baking-worker=262144"
    "memorysetup-temp-allocator-size-gfx=262144"
Refreshing native plugins compatible for Editor in 77.71 ms, found 3 plugins.
Preloading 0 native plugins for Editor in 0.00 ms.
Initialize engine version: 2021.3.6f1 (7da38d85baf6)
[Subsystems] Discovering subsystems at path C:/Program Files/Unity/Hub/Editor/2021.3.6f1/Editor/Data/Resources/UnitySubsystems
[Subsystems] Discovering subsystems at path C:/Users/Kim/Documents/GitHub/GC-Chill-Beats-To-Study/Assets
GfxDevice: creating device client; threaded=0; jobified=0
Direct3D:
    Version:  Direct3D 11.0 [level 11.1]
    Renderer: NVIDIA GeForce RTX 2060 (ID=0x1f08)
    Vendor:   NVIDIA
    VRAM:     5980 MB
    Driver:   31.0.15.1659
Initialize mono
Mono path[0] = 'C:/Program Files/Unity/Hub/Editor/2021.3.6f1/Editor/Data/Managed'
Mono path[1] = 'C:/Program Files/Unity/Hub/Editor/2021.3.6f1/Editor/Data/MonoBleedingEdge/lib/mono/unityjit-win32'
Mono config path = 'C:/Program Files/Unity/Hub/Editor/2021.3.6f1/Editor/Data/MonoBleedingEdge/etc'
Using monoOptions --debugger-agent=transport=dt_socket,embedding=1,server=y,suspend=n,address=127.0.0.1:56456
Begin MonoManager ReloadAssembly
Registering precompiled unity dll's ...
Register platform support module: C:/Program Files/Unity/Hub/Editor/2021.3.6f1/Editor/Data/PlaybackEngines/WebGLSupport/UnityEditor.WebGL.Extensions.dll
Register platform support module: C:/Program Files/Unity/Hub/Editor/2021.3.6f1/Editor/Data/PlaybackEngines/WindowsStandaloneSupport/UnityEditor.WindowsStandalone.Extensions.dll
Registered in 0.004400 seconds.
Native extension for WindowsStandalone target not found
Native extension for WebGL target not found
Refreshing native plugins compatible for Editor in 97.20 ms, found 3 plugins.
Preloading 0 native plugins for Editor in 0.00 ms.
Mono: successfully reloaded assembly
- Completed reload, in  0.583 seconds
Domain Reload Profiling:
	ReloadAssembly (583ms)
		BeginReloadAssembly (58ms)
			ExecutionOrderSort (0ms)
			DisableScriptedObjects (0ms)
			BackupInstance (0ms)
			ReleaseScriptingObjects (0ms)
			CreateAndSetChildDomain (1ms)
		EndReloadAssembly (431ms)
			LoadAssemblies (56ms)
			RebuildTransferFunctionScriptingTraits (0ms)
			SetupTypeCache (93ms)
			ReleaseScriptCaches (0ms)
			RebuildScriptCaches (25ms)
			SetupLoadedEditorAssemblies (269ms)
				LogAssemblyErrors (0ms)
				InitializePlatformSupportModulesInManaged (8ms)
				SetLoadedEditorAssemblies (0ms)
				RefreshPlugins (97ms)
				BeforeProcessingInitializeOnLoad (1ms)
				ProcessInitializeOnLoadAttributes (123ms)
				ProcessInitializeOnLoadMethodAttributes (39ms)
				AfterProcessingInitializeOnLoad (0ms)
				EditorAssembliesLoaded (0ms)
			ExecutionOrderSort2 (0ms)
			AwakeInstancesAfterBackupRestoration (0ms)
Platform modules already initialized, skipping
Registering precompiled user dll's ...
Registered in 0.004851 seconds.
Begin MonoManager ReloadAssembly
Symbol file LoadedFromMemory doesn't match image C:\Users\Kim\Documents\GitHub\GC-Chill-Beats-To-Study\Library\PackageCache\com.unity.visualscripting@1.7.8\Editor\VisualScripting.Core\Dependencies\YamlDotNet\Unity.VisualScripting.YamlDotNet.dll
Symbol file LoadedFromMemory doesn't match image C:\Users\Kim\Documents\GitHub\GC-Chill-Beats-To-Study\Library\PackageCache\com.unity.visualscripting@1.7.8\Editor\VisualScripting.Core\Dependencies\DotNetZip\Unity.VisualScripting.IonicZip.dll
Native extension for WindowsStandalone target not found
Native extension for WebGL target not found
Refreshing native plugins compatible for Editor in 0.45 ms, found 3 plugins.
Preloading 0 native plugins for Editor in 0.00 ms.
Mono: successfully reloaded assembly
- Completed reload, in  0.917 seconds
Domain Reload Profiling:
	ReloadAssembly (918ms)
		BeginReloadAssembly (96ms)
			ExecutionOrderSort (0ms)
			DisableScriptedObjects (5ms)
			BackupInstance (0ms)
			ReleaseScriptingObjects (0ms)
			CreateAndSetChildDomain (16ms)
		EndReloadAssembly (716ms)
			LoadAssemblies (64ms)
			RebuildTransferFunctionScriptingTraits (0ms)
			SetupTypeCache (241ms)
			ReleaseScriptCaches (0ms)
			RebuildScriptCaches (45ms)
			SetupLoadedEditorAssemblies (332ms)
				LogAssemblyErrors (0ms)
				InitializePlatformSupportModulesInManaged (6ms)
				SetLoadedEditorAssemblies (0ms)
				RefreshPlugins (0ms)
				BeforeProcessingInitializeOnLoad (79ms)
				ProcessInitializeOnLoadAttributes (217ms)
				ProcessInitializeOnLoadMethodAttributes (24ms)
				AfterProcessingInitializeOnLoad (5ms)
				EditorAssembliesLoaded (0ms)
			ExecutionOrderSort2 (0ms)
			AwakeInstancesAfterBackupRestoration (5ms)
Platform modules already initialized, skipping
========================================================================
Worker process is ready to serve import requests
Launched and connected shader compiler UnityShaderCompiler.exe after 0.03 seconds
Refreshing native plugins compatible for Editor in 0.46 ms, found 3 plugins.
Preloading 0 native plugins for Editor in 0.00 ms.
Unloading 3369 Unused Serialized files (Serialized files now loaded: 0)
Unloading 27 unused Assets / (110.9 KB). Loaded Objects now: 3826.
Memory consumption went from 115.9 MB to 115.8 MB.
Total: 2.675500 ms (FindLiveObjects: 0.225700 ms CreateObjectMapping: 0.157400 ms MarkObjects: 2.209000 ms  DeleteObjects: 0.082400 ms)

AssetImportParameters requested are different than current active one (requested -> active):
  custom:video-decoder-ogg-theora: a1e56fd34408186e4bbccfd4996cb3dc -> 
  custom:container-muxer-webm: aa71ff27fc2769a1b78a27578f13a17b -> 
  custom:container-demuxer-webm: 4f35f7cbe854078d1ac9338744f61a02 -> 
  custom:video-encoder-webm-vp8: eb34c28f22e8b96e1ab97ce403110664 -> 
  custom:audio-encoder-webm-vorbis: bf7c407c2cedff20999df2af8eb42d56 -> 
  custom:framework-win-MediaFoundation: 216162199b28c13a410421893ffa2e32 -> 
  custom:container-demuxer-ogg: 62fdf1f143b41e24485cea50d1cbac27 -> 
  custom:video-decoder-webm-vp8: 9c59270c3fd7afecdb556c50c9e8de78 -> 
  custom:audio-decoder-ogg-vorbis: bf7c407c2cedff20999df2af8eb42d56 -> 
========================================================================
Received Import Request.
  Time since last request: 120585.782514 seconds.
  path: Assets/HighQualityBricks&Walls/Materials/brick-957823.mat
  artifactKey: Guid(e66d282c1a589b740978ed3a03245fb4) Importer(815301076,1909f56bfc062723c751e8b465ee728b)
Start importing Assets/HighQualityBricks&Walls/Materials/brick-957823.mat using Guid(e66d282c1a589b740978ed3a03245fb4) Importer(815301076,1909f56bfc062723c751e8b465ee728b)  -> (artifact id: '96a525b7029df0175b8d2d39131b4a4e') in 0.418857 seconds 
========================================================================
Received Import Request.
  Time since last request: 0.000047 seconds.
  path: Assets/HighQualityBricks&Walls/Materials/wall-846013.mat
  artifactKey: Guid(d162a9a77600c6847951c4dab77526bc) Importer(815301076,1909f56bfc062723c751e8b465ee728b)
Start importing Assets/HighQualityBricks&Walls/Materials/wall-846013.mat using Guid(d162a9a77600c6847951c4dab77526bc) Importer(815301076,1909f56bfc062723c751e8b465ee728b)  -> (artifact id: 'f1248fb8fb6161aabcfc0f8d5b6da81e') in 0.152157 seconds 
========================================================================
Received Import Request.
  Time since last request: 0.000023 seconds.
  path: Assets/HighQualityBricks&Walls/Materials/wood-938698.mat
  artifactKey: Guid(14efce1c30a92df4e823b240f2830d0f) Importer(815301076,1909f56bfc062723c751e8b465ee728b)
Start importing Assets/HighQualityBricks&Walls/Materials/wood-938698.mat using Guid(14efce1c30a92df4e823b240f2830d0f) Importer(815301076,1909f56bfc062723c751e8b465ee728b)  -> (artifact id: 'fa0c2cfaf634b5c6b35bf2f333e84e3e') in 0.150573 seconds 
========================================================================
Received Import Request.
  Time since last request: 0.000016 seconds.
  path: Assets/HighQualityBricks&Walls/Materials/stone-805287.mat
  artifactKey: Guid(8d0b4475c38df4240b5c2aba4d0f9182) Importer(815301076,1909f56bfc062723c751e8b465ee728b)
Start importing Assets/HighQualityBricks&Walls/Materials/stone-805287.mat using Guid(8d0b4475c38df4240b5c2aba4d0f9182) Importer(815301076,1909f56bfc062723c751e8b465ee728b)  -> (artifact id: 'c5dc1551abb91abdcaa1239b07a2eaaa') in 0.148831 seconds 
========================================================================
Received Import Request.
  Time since last request: 0.000017 seconds.
  path: Assets/HighQualityBricks&Walls/Materials/wood-877365.mat
  artifactKey: Guid(e75eb513962b3d042b8333dba21f4451) Importer(815301076,1909f56bfc062723c751e8b465ee728b)
Start importing Assets/HighQualityBricks&Walls/Materials/wood-877365.mat using Guid(e75eb513962b3d042b8333dba21f4451) Importer(815301076,1909f56bfc062723c751e8b465ee728b)  -> (artifact id: 'b0462ec4ff192b36fd325cf05cceaade') in 0.149675 seconds 
========================================================================
Received Import Request.
  Time since last request: 0.000026 seconds.
  path: Assets/HighQualityBricks&Walls/Materials/bricks-868344.mat
  artifactKey: Guid(171d305832c1ff8439b29868a108e89f) Importer(815301076,1909f56bfc062723c751e8b465ee728b)
Start importing Assets/HighQualityBricks&Walls/Materials/bricks-868344.mat using Guid(171d305832c1ff8439b29868a108e89f) Importer(815301076,1909f56bfc062723c751e8b465ee728b)  -> (artifact id: '89eaed962661dd8df0da727be7c140ba') in 0.151824 seconds 
========================================================================
Received Import Request.
  Time since last request: 0.000017 seconds.
  path: Assets/HighQualityBricks&Walls/Materials/wood-877000.mat
  artifactKey: Guid(38f3f637bf4ee2f4985854efd0523b78) Importer(815301076,1909f56bfc062723c751e8b465ee728b)
Start importing Assets/HighQualityBricks&Walls/Materials/wood-877000.mat using Guid(38f3f637bf4ee2f4985854efd0523b78) Importer(815301076,1909f56bfc062723c751e8b465ee728b)  -> (artifact id: 'd2fbbc01da0cab9270acac658d68252c') in 0.151657 seconds 
========================================================================
Received Import Request.
  Time since last request: 45.286308 seconds.
  path: Assets/Toon Furniture/Models/BookCase_1.fbx
  artifactKey: Guid(0989d878ef2d74c44b4c7ac19551ff67) Importer(815301076,1909f56bfc062723c751e8b465ee728b)
Start importing Assets/Toon Furniture/Models/BookCase_1.fbx using Guid(0989d878ef2d74c44b4c7ac19551ff67) Importer(815301076,1909f56bfc062723c751e8b465ee728b)  -> (artifact id: '5f6f2a656839f888e7b99a1d9ba2afac') in 0.055487 seconds 
========================================================================
Received Import Request.
  Time since last request: 0.000025 seconds.
  path: Assets/Toon Furniture/Models/Kitchen_Cabinet_1.fbx
  artifactKey: Guid(4a357a7f02c7c8b468d4d038e61ecd7f) Importer(815301076,1909f56bfc062723c751e8b465ee728b)
Start importing Assets/Toon Furniture/Models/Kitchen_Cabinet_1.fbx using Guid(4a357a7f02c7c8b468d4d038e61ecd7f) Importer(815301076,1909f56bfc062723c751e8b465ee728b)  -> (artifact id: '2c2f0af458067325a4e65c353397f3a4') in 0.118540 seconds 
========================================================================
Received Import Request.
  Time since last request: 0.000021 seconds.
  path: Assets/Toon Furniture/Models/Counter_2.fbx
  artifactKey: Guid(83bfbbc6ac9032c46a97d37cbca3d895) Importer(815301076,1909f56bfc062723c751e8b465ee728b)
Start importing Assets/Toon Furniture/Models/Counter_2.fbx using Guid(83bfbbc6ac9032c46a97d37cbca3d895) Importer(815301076,1909f56bfc062723c751e8b465ee728b)  -> (artifact id: '237c68d55a2d6d0c0ad3581f4fb91f1d') in 0.022596 seconds 
========================================================================
Received Import Request.
  Time since last request: 0.000022 seconds.
  path: Assets/Toon Furniture/Models/Couch_3.fbx
  artifactKey: Guid(02e5269d0ab9fe64ca9bdff1d9cf8101) Importer(815301076,1909f56bfc062723c751e8b465ee728b)
Start importing Assets/Toon Furniture/Models/Couch_3.fbx using Guid(02e5269d0ab9fe64ca9bdff1d9cf8101) Importer(815301076,1909f56bfc062723c751e8b465ee728b)  -> (artifact id: 'a62b526e43f61a54d19d8a54066320b5') in 0.199761 seconds 
========================================================================
Received Import Request.
  Time since last request: 0.000016 seconds.
  path: Assets/Toon Furniture/Models/Coffee_Table_2.fbx
  artifactKey: Guid(5482ee8af0d724341b96cd2c062f6baf) Importer(815301076,1909f56bfc062723c751e8b465ee728b)
Start importing Assets/Toon Furniture/Models/Coffee_Table_2.fbx using Guid(5482ee8af0d724341b96cd2c062f6baf) Importer(815301076,1909f56bfc062723c751e8b465ee728b)  -> (artifact id: 'e6e3208bcb59b068fd37cd10264b9777') in 0.021801 seconds 
========================================================================
Received Import Request.
  Time since last request: 0.000023 seconds.
  path: Assets/Toon Furniture/Models/Chair_6.fbx
  artifactKey: Guid(b2f590637bb1b5044877c0b3e9db9094) Importer(815301076,1909f56bfc062723c751e8b465ee728b)
Start importing Assets/Toon Furniture/Models/Chair_6.fbx using Guid(b2f590637bb1b5044877c0b3e9db9094) Importer(815301076,1909f56bfc062723c751e8b465ee728b)  -> (artifact id: '57bdb8a4310fe6f5b18863949a3c9dfd') in 0.028570 seconds 
========================================================================
Received Import Request.
  Time since last request: 0.000017 seconds.
  path: Assets/Toon Furniture/Models/Queen_Bed_2.fbx
  artifactKey: Guid(db90ebe75a417854aaaf8a09147e7676) Importer(815301076,1909f56bfc062723c751e8b465ee728b)
Start importing Assets/Toon Furniture/Models/Queen_Bed_2.fbx using Guid(db90ebe75a417854aaaf8a09147e7676) Importer(815301076,1909f56bfc062723c751e8b465ee728b)  -> (artifact id: '1872a64275b06b04d4cb0d1179992271') in 0.045287 seconds 
========================================================================
Received Import Request.
  Time since last request: 0.000023 seconds.
  path: Assets/Toon Furniture/Models/Decoration_Books_1_1.fbx
  artifactKey: Guid(e287253ea90ccd04fb310bdbe13c1550) Importer(815301076,1909f56bfc062723c751e8b465ee728b)
Start importing Assets/Toon Furniture/Models/Decoration_Books_1_1.fbx using Guid(e287253ea90ccd04fb310bdbe13c1550) Importer(815301076,1909f56bfc062723c751e8b465ee728b)  -> (artifact id: 'a45acb51d96230dd713d33046f956ac0') in 0.029173 seconds 
========================================================================
Received Import Request.
  Time since last request: 0.000016 seconds.
  path: Assets/Toon Furniture/Models/Books_1.fbx
  artifactKey: Guid(02ca65ab740714a419148b75fac70719) Importer(815301076,1909f56bfc062723c751e8b465ee728b)
Start importing Assets/Toon Furniture/Models/Books_1.fbx using Guid(02ca65ab740714a419148b75fac70719) Importer(815301076,1909f56bfc062723c751e8b465ee728b)  -> (artifact id: '08b52793e1ebfcf68e6ec247a0213ecf') in 0.054831 seconds 
========================================================================
Received Import Request.
  Time since last request: 0.000016 seconds.
  path: Assets/Toon Furniture/Models/Refrigerator_2.fbx
  artifactKey: Guid(fd86dd3bb815de54fb8f5d719048bc69) Importer(815301076,1909f56bfc062723c751e8b465ee728b)
Start importing Assets/Toon Furniture/Models/Refrigerator_2.fbx using Guid(fd86dd3bb815de54fb8f5d719048bc69) Importer(815301076,1909f56bfc062723c751e8b465ee728b)  -> (artifact id: '034bd7ba2d6bfd157a6400a8ca5aa7fb') in 0.028808 seconds 
========================================================================
Received Import Request.
  Time since last request: 0.000020 seconds.
  path: Assets/Toon Furniture/Models/Sink.fbx
  artifactKey: Guid(e83052825161ca9489eb21555ff606d9) Importer(815301076,1909f56bfc062723c751e8b465ee728b)
Start importing Assets/Toon Furniture/Models/Sink.fbx using Guid(e83052825161ca9489eb21555ff606d9) Importer(815301076,1909f56bfc062723c751e8b465ee728b)  -> (artifact id: '3c45b22090273ffb598d5336cd2e32e4') in 0.023732 seconds 
========================================================================
Received Import Request.
  Time since last request: 0.000020 seconds.
  path: Assets/Toon Furniture/Models/Chair_7.fbx
  artifactKey: Guid(e26192968d537f143a47e72dfefb548f) Importer(815301076,1909f56bfc062723c751e8b465ee728b)
Start importing Assets/Toon Furniture/Models/Chair_7.fbx using Guid(e26192968d537f143a47e72dfefb548f) Importer(815301076,1909f56bfc062723c751e8b465ee728b)  -> (artifact id: 'b761c56472c348e326886e1c61bca726') in 0.022000 seconds 
========================================================================
Received Import Request.
  Time since last request: 0.000013 seconds.
  path: Assets/Toon Furniture/Models/Chair_8.fbx
  artifactKey: Guid(b2d48f69e426f3c41b473408129c689b) Importer(815301076,1909f56bfc062723c751e8b465ee728b)
Start importing Assets/Toon Furniture/Models/Chair_8.fbx using Guid(b2d48f69e426f3c41b473408129c689b) Importer(815301076,1909f56bfc062723c751e8b465ee728b)  -> (artifact id: 'd122aeae8957e4bff4c192ad856d69ef') in 0.022643 seconds 
========================================================================
Received Import Request.
  Time since last request: 0.000018 seconds.
  path: Assets/Toon Furniture/Models/Chair_2.fbx
  artifactKey: Guid(0c18f0ffd4318a149bd680cdf60d0e48) Importer(815301076,1909f56bfc062723c751e8b465ee728b)
Start importing Assets/Toon Furniture/Models/Chair_2.fbx using Guid(0c18f0ffd4318a149bd680cdf60d0e48) Importer(815301076,1909f56bfc062723c751e8b465ee728b)  -> (artifact id: '8e5250174059a576e1a0c6d7f40e59cc') in 0.021352 seconds 
========================================================================
Received Import Request.
  Time since last request: 0.000019 seconds.
  path: Assets/Toon Furniture/Models/Counter_2_1.fbx
  artifactKey: Guid(ae9314f65922b7b42b043064aeaaa155) Importer(815301076,1909f56bfc062723c751e8b465ee728b)
Start importing Assets/Toon Furniture/Models/Counter_2_1.fbx using Guid(ae9314f65922b7b42b043064aeaaa155) Importer(815301076,1909f56bfc062723c751e8b465ee728b)  -> (artifact id: 'f531fb536e8dc1b06ea764d6581663ed') in 0.032083 seconds 
========================================================================
Received Import Request.
  Time since last request: 0.000015 seconds.
  path: Assets/Toon Furniture/Models/Counter_4.fbx
  artifactKey: Guid(72616aa566640fa4498901aa2e09543e) Importer(815301076,1909f56bfc062723c751e8b465ee728b)
Start importing Assets/Toon Furniture/Models/Counter_4.fbx using Guid(72616aa566640fa4498901aa2e09543e) Importer(815301076,1909f56bfc062723c751e8b465ee728b)  -> (artifact id: '7d3ea1f390d568b79db2ec0ee63c44ce') in 0.094247 seconds 
========================================================================
Received Import Request.
  Time since last request: 0.000020 seconds.
  path: Assets/Toon Furniture/Models/Chair_5.fbx
  artifactKey: Guid(57715435b4fec704fa35cec6763c28c3) Importer(815301076,1909f56bfc062723c751e8b465ee728b)
Start importing Assets/Toon Furniture/Models/Chair_5.fbx using Guid(57715435b4fec704fa35cec6763c28c3) Importer(815301076,1909f56bfc062723c751e8b465ee728b)  -> (artifact id: '4524200c513b741d4938baa1be585ea1') in 0.022649 seconds 
========================================================================
Received Import Request.
  Time since last request: 0.000022 seconds.
  path: Assets/Toon Furniture/Models/headboard_1.fbx
  artifactKey: Guid(22594f653b29cb2488a78553895e4d36) Importer(815301076,1909f56bfc062723c751e8b465ee728b)
Start importing Assets/Toon Furniture/Models/headboard_1.fbx using Guid(22594f653b29cb2488a78553895e4d36) Importer(815301076,1909f56bfc062723c751e8b465ee728b)  -> (artifact id: '250dd1f86f7cc50a083fbfd9a3cb6e37') in 0.035013 seconds 
========================================================================
Received Import Request.
  Time since last request: 0.000024 seconds.
  path: Assets/Toon Furniture/Models/Chair_3.fbx
  artifactKey: Guid(56143fa81708d6647bc92eab52aa58e8) Importer(815301076,1909f56bfc062723c751e8b465ee728b)
Start importing Assets/Toon Furniture/Models/Chair_3.fbx using Guid(56143fa81708d6647bc92eab52aa58e8) Importer(815301076,1909f56bfc062723c751e8b465ee728b)  -> (artifact id: '5471f6cfe6c5bc3a1c0fd84ebf7de15e') in 0.025291 seconds 
========================================================================
Received Import Request.
  Time since last request: 0.000019 seconds.
  path: Assets/Toon Furniture/Models/Coffee_Table_4.fbx
  artifactKey: Guid(8b77ab8a65e9c9e4ba013ba2868ef6b8) Importer(815301076,1909f56bfc062723c751e8b465ee728b)
Start importing Assets/Toon Furniture/Models/Coffee_Table_4.fbx using Guid(8b77ab8a65e9c9e4ba013ba2868ef6b8) Importer(815301076,1909f56bfc062723c751e8b465ee728b)  -> (artifact id: 'b974255e7f4c1398e8e5ae82a1b5efa1') in 0.029403 seconds 
========================================================================
Received Import Request.
  Time since last request: 353.965492 seconds.
  path: Assets/Toon Furniture/Materials/Bed_1_1.mat
  artifactKey: Guid(a23f193da264873409fcb5b9edda3d7c) Importer(815301076,1909f56bfc062723c751e8b465ee728b)
Start importing Assets/Toon Furniture/Materials/Bed_1_1.mat using Guid(a23f193da264873409fcb5b9edda3d7c) Importer(815301076,1909f56bfc062723c751e8b465ee728b)  -> (artifact id: '978008d721e5be7552ffdc037f395059') in 0.016093 seconds 
========================================================================
Received Import Request.
  Time since last request: 0.000016 seconds.
  path: Assets/Toon Furniture/Materials/Chair_6.mat
  artifactKey: Guid(b0cb6d5647672b541a5f641672a0cc18) Importer(815301076,1909f56bfc062723c751e8b465ee728b)
Start importing Assets/Toon Furniture/Materials/Chair_6.mat using Guid(b0cb6d5647672b541a5f641672a0cc18) Importer(815301076,1909f56bfc062723c751e8b465ee728b)  -> (artifact id: '47d47b49e5bc0e9660ea68babf234a79') in 0.037455 seconds 
========================================================================
Received Import Request.
  Time since last request: 0.000020 seconds.
  path: Assets/Toon Furniture/Materials/BookCase_2.mat
  artifactKey: Guid(d0088e45804523549867166fd4706b95) Importer(815301076,1909f56bfc062723c751e8b465ee728b)
Start importing Assets/Toon Furniture/Materials/BookCase_2.mat using Guid(d0088e45804523549867166fd4706b95) Importer(815301076,1909f56bfc062723c751e8b465ee728b)  -> (artifact id: '46d909bfed5a60f8f882cd5ac3ea988a') in 0.044457 seconds 
========================================================================
Received Import Request.
  Time since last request: 0.000018 seconds.
  path: Assets/Toon Furniture/Materials/Chair_1.mat
  artifactKey: Guid(d45f3a5ed658dd94c84d67c87ca91578) Importer(815301076,1909f56bfc062723c751e8b465ee728b)
Start importing Assets/Toon Furniture/Materials/Chair_1.mat using Guid(d45f3a5ed658dd94c84d67c87ca91578) Importer(815301076,1909f56bfc062723c751e8b465ee728b)  -> (artifact id: '2dfab71c185ecdb6eacacc4118c35a89') in 0.021825 seconds 
========================================================================
Received Import Request.
  Time since last request: 0.000017 seconds.
  path: Assets/Toon Furniture/Materials/Toilet_1.mat
  artifactKey: Guid(8fb60badbaa4ae649a56f12d58386b1a) Importer(815301076,1909f56bfc062723c751e8b465ee728b)
Start importing Assets/Toon Furniture/Materials/Toilet_1.mat using Guid(8fb60badbaa4ae649a56f12d58386b1a) Importer(815301076,1909f56bfc062723c751e8b465ee728b)  -> (artifact id: '6ee16bde4b8e31156cee051b7a22519f') in 0.025074 seconds 
========================================================================
Received Import Request.
  Time since last request: 0.000013 seconds.
  path: Assets/Toon Furniture/Materials/Books_1.mat
  artifactKey: Guid(a792c98929d502543971d5123dd91d12) Importer(815301076,1909f56bfc062723c751e8b465ee728b)
Start importing Assets/Toon Furniture/Materials/Books_1.mat using Guid(a792c98929d502543971d5123dd91d12) Importer(815301076,1909f56bfc062723c751e8b465ee728b)  -> (artifact id: 'a493b3227ef5fc57c066fccc5f86dd10') in 0.012812 seconds 
========================================================================
Received Import Request.
  Time since last request: 0.000018 seconds.
  path: Assets/Toon Furniture/Materials/Cooker_1.mat
  artifactKey: Guid(278ceeecf207b8e44bf1caa9ab768075) Importer(815301076,1909f56bfc062723c751e8b465ee728b)
Start importing Assets/Toon Furniture/Materials/Cooker_1.mat using Guid(278ceeecf207b8e44bf1caa9ab768075) Importer(815301076,1909f56bfc062723c751e8b465ee728b)  -> (artifact id: '20b810e0730b444779661538267ad5de') in 0.024365 seconds 
========================================================================
Received Import Request.
  Time since last request: 0.000017 seconds.
  path: Assets/Toon Furniture/Materials/Headboard_1_1.mat
  artifactKey: Guid(296234c8c55a49d45a190b0d5be1c47c) Importer(815301076,1909f56bfc062723c751e8b465ee728b)
Start importing Assets/Toon Furniture/Materials/Headboard_1_1.mat using Guid(296234c8c55a49d45a190b0d5be1c47c) Importer(815301076,1909f56bfc062723c751e8b465ee728b)  -> (artifact id: '64d771f6f4f851185e517ade9505bdf3') in 0.011296 seconds 
========================================================================
Received Import Request.
  Time since last request: 0.000023 seconds.
  path: Assets/Toon Furniture/Materials/Refrigerator_1.mat
  artifactKey: Guid(e3d83589f1e2bac489f8480b61dd2908) Importer(815301076,1909f56bfc062723c751e8b465ee728b)
Start importing Assets/Toon Furniture/Materials/Refrigerator_1.mat using Guid(e3d83589f1e2bac489f8480b61dd2908) Importer(815301076,1909f56bfc062723c751e8b465ee728b)  -> (artifact id: '58c2629dda4f529e3087402b8406ffd4') in 0.011970 seconds 
========================================================================
Received Import Request.
  Time since last request: 0.000017 seconds.
  path: Assets/Toon Furniture/Materials/Chair_3.mat
  artifactKey: Guid(9ef20c6d6021deb41a6df69d367d0199) Importer(815301076,1909f56bfc062723c751e8b465ee728b)
Start importing Assets/Toon Furniture/Materials/Chair_3.mat using Guid(9ef20c6d6021deb41a6df69d367d0199) Importer(815301076,1909f56bfc062723c751e8b465ee728b)  -> (artifact id: 'ff9a9b7d0727f994da889ee6f46b8a38') in 0.009568 seconds 
========================================================================
Received Import Request.
  Time since last request: 0.000014 seconds.
  path: Assets/Toon Furniture/Materials/Chair_7.mat
  artifactKey: Guid(a083ccdcd9975c548846918390de90ee) Importer(815301076,1909f56bfc062723c751e8b465ee728b)
Start importing Assets/Toon Furniture/Materials/Chair_7.mat using Guid(a083ccdcd9975c548846918390de90ee) Importer(815301076,1909f56bfc062723c751e8b465ee728b)  -> (artifact id: '6847990cd9d9ca8dd49e32ea377d1da2') in 0.010471 seconds 
========================================================================
Received Import Request.
  Time since last request: 0.000023 seconds.
  path: Assets/Toon Furniture/Materials/Sink_1.mat
  artifactKey: Guid(fb95a00c7ea2ea749aab701495f4639a) Importer(815301076,1909f56bfc062723c751e8b465ee728b)
Start importing Assets/Toon Furniture/Materials/Sink_1.mat using Guid(fb95a00c7ea2ea749aab701495f4639a) Importer(815301076,1909f56bfc062723c751e8b465ee728b)  -> (artifact id: 'ac25aa5cc25f6e0145c1dc5e4296cc79') in 0.010975 seconds 
========================================================================
Received Import Request.
  Time since last request: 0.000016 seconds.
  path: Assets/Toon Furniture/Materials/CoffeTable_1.mat
  artifactKey: Guid(8137a4b9e7fd60340a30656d9c24feb7) Importer(815301076,1909f56bfc062723c751e8b465ee728b)
Start importing Assets/Toon Furniture/Materials/CoffeTable_1.mat using Guid(8137a4b9e7fd60340a30656d9c24feb7) Importer(815301076,1909f56bfc062723c751e8b465ee728b)  -> (artifact id: '9b338ac8f416dc56ed56c57cf0a21028') in 0.011404 seconds 
========================================================================
Received Import Request.
  Time since last request: 0.000019 seconds.
  path: Assets/Toon Furniture/Materials/Chair_8.mat
  artifactKey: Guid(e45f8df08739d7943b5b19c2fd4dfcb1) Importer(815301076,1909f56bfc062723c751e8b465ee728b)
Start importing Assets/Toon Furniture/Materials/Chair_8.mat using Guid(e45f8df08739d7943b5b19c2fd4dfcb1) Importer(815301076,1909f56bfc062723c751e8b465ee728b)  -> (artifact id: '9a2f4a9a628c5b78f1894583ad0d98f4') in 0.009889 seconds 
========================================================================
Received Import Request.
  Time since last request: 0.000018 seconds.
  path: Assets/Toon Furniture/Materials/CoffeTable_3.mat
  artifactKey: Guid(bba0acb555465444a943f2e809f686f7) Importer(815301076,1909f56bfc062723c751e8b465ee728b)
Start importing Assets/Toon Furniture/Materials/CoffeTable_3.mat using Guid(bba0acb555465444a943f2e809f686f7) Importer(815301076,1909f56bfc062723c751e8b465ee728b)  -> (artifact id: '4caae9d8939370fd36ad1520684279b6') in 0.010554 seconds 
========================================================================
Received Import Request.
  Time since last request: 0.000029 seconds.
  path: Assets/Toon Furniture/Materials/Table_1.mat
  artifactKey: Guid(50ced3092a2c6d5418dbb2df80c370a8) Importer(815301076,1909f56bfc062723c751e8b465ee728b)
Start importing Assets/Toon Furniture/Materials/Table_1.mat using Guid(50ced3092a2c6d5418dbb2df80c370a8) Importer(815301076,1909f56bfc062723c751e8b465ee728b)  -> (artifact id: '2ba7c68ff8e312d13bff20389aaccc94') in 0.009991 seconds 
========================================================================
Received Import Request.
  Time since last request: 0.000019 seconds.
  path: Assets/Toon Furniture/Materials/Chair_4.mat
  artifactKey: Guid(a39c14be04b8abd45823d8b5b1b339b3) Importer(815301076,1909f56bfc062723c751e8b465ee728b)
Start importing Assets/Toon Furniture/Materials/Chair_4.mat using Guid(a39c14be04b8abd45823d8b5b1b339b3) Importer(815301076,1909f56bfc062723c751e8b465ee728b)  -> (artifact id: '5aa835a16765d92d992ed60014b34bd7') in 0.009400 seconds 
========================================================================
Received Import Request.
  Time since last request: 0.000019 seconds.
  path: Assets/Toon Furniture/Materials/House_Plant_1_1.mat
  artifactKey: Guid(dbcf8adae110cf149bc70c9a2fb45683) Importer(815301076,1909f56bfc062723c751e8b465ee728b)
Start importing Assets/Toon Furniture/Materials/House_Plant_1_1.mat using Guid(dbcf8adae110cf149bc70c9a2fb45683) Importer(815301076,1909f56bfc062723c751e8b465ee728b)  -> (artifact id: '11518452ac5e2a8c1b235c2cad3f2f5f') in 0.009566 seconds 
========================================================================
Received Import Request.
  Time since last request: 0.000023 seconds.
  path: Assets/Toon Furniture/Materials/Vase_2.mat
  artifactKey: Guid(48789c7005e3790408daf876242fb920) Importer(815301076,1909f56bfc062723c751e8b465ee728b)
Start importing Assets/Toon Furniture/Materials/Vase_2.mat using Guid(48789c7005e3790408daf876242fb920) Importer(815301076,1909f56bfc062723c751e8b465ee728b)  -> (artifact id: '541e69b2c61080a770cc9be98a9266bd') in 0.009687 seconds 
========================================================================
Received Import Request.
  Time since last request: 0.000017 seconds.
  path: Assets/Toon Furniture/Materials/Chair_2.mat
  artifactKey: Guid(48e03a04f4b2d814b9ce35c219f30ef0) Importer(815301076,1909f56bfc062723c751e8b465ee728b)
Start importing Assets/Toon Furniture/Materials/Chair_2.mat using Guid(48e03a04f4b2d814b9ce35c219f30ef0) Importer(815301076,1909f56bfc062723c751e8b465ee728b)  -> (artifact id: '08abab05ec983c5034ee668880d299fd') in 0.010971 seconds 
========================================================================
Received Import Request.
  Time since last request: 0.000019 seconds.
  path: Assets/Toon Furniture/Materials/Single_Bed_1.mat
  artifactKey: Guid(1ddcc504364d8f9449fe311e15a736a5) Importer(815301076,1909f56bfc062723c751e8b465ee728b)
Start importing Assets/Toon Furniture/Materials/Single_Bed_1.mat using Guid(1ddcc504364d8f9449fe311e15a736a5) Importer(815301076,1909f56bfc062723c751e8b465ee728b)  -> (artifact id: '506744354ecf21ca670d012505f1e054') in 0.010360 seconds 
